[2022-02-14 04:22:04,203] {taskinstance.py:1032} INFO - Dependencies all met for <TaskInstance: gcs_to_gcs_dag.move_yellow_files_gcs_task scheduled__2019-02-01T00:00:00+00:00 [queued]>
[2022-02-14 04:22:04,245] {taskinstance.py:1032} INFO - Dependencies all met for <TaskInstance: gcs_to_gcs_dag.move_yellow_files_gcs_task scheduled__2019-02-01T00:00:00+00:00 [queued]>
[2022-02-14 04:22:04,247] {taskinstance.py:1238} INFO - 
--------------------------------------------------------------------------------
[2022-02-14 04:22:04,248] {taskinstance.py:1239} INFO - Starting attempt 1 of 1
[2022-02-14 04:22:04,249] {taskinstance.py:1240} INFO - 
--------------------------------------------------------------------------------
[2022-02-14 04:22:04,290] {taskinstance.py:1259} INFO - Executing <Task(GCSToGCSOperator): move_yellow_files_gcs_task> on 2019-02-01 00:00:00+00:00
[2022-02-14 04:22:04,296] {standard_task_runner.py:52} INFO - Started process 4442 to run task
[2022-02-14 04:22:04,304] {standard_task_runner.py:76} INFO - Running: ['***', 'tasks', 'run', 'gcs_to_gcs_dag', 'move_yellow_files_gcs_task', 'scheduled__2019-02-01T00:00:00+00:00', '--job-id', '14', '--raw', '--subdir', 'DAGS_FOLDER/gcs_to_gcs_dag.py', '--cfg-path', '/tmp/tmp2u8zk4ar', '--error-file', '/tmp/tmp8to1cl8_']
[2022-02-14 04:22:04,307] {standard_task_runner.py:77} INFO - Job 14: Subtask move_yellow_files_gcs_task
[2022-02-14 04:22:04,761] {logging_mixin.py:109} INFO - Running <TaskInstance: gcs_to_gcs_dag.move_yellow_files_gcs_task scheduled__2019-02-01T00:00:00+00:00 [running]> on host a1acede301ac
[2022-02-14 04:22:05,111] {logging_mixin.py:109} WARNING - /home/***/.local/lib/python3.7/site-packages/***/utils/context.py:152 AirflowContextDeprecationWarning: Accessing 'execution_date' from the template is deprecated and will be removed in a future version. Please use 'data_interval_start' or 'logical_date' instead.
[2022-02-14 04:22:05,312] {taskinstance.py:1426} INFO - Exporting the following env vars:
AIRFLOW_CTX_DAG_OWNER=***
AIRFLOW_CTX_DAG_ID=gcs_to_gcs_dag
AIRFLOW_CTX_TASK_ID=move_yellow_files_gcs_task
AIRFLOW_CTX_EXECUTION_DATE=2019-02-01T00:00:00+00:00
AIRFLOW_CTX_DAG_RUN_ID=scheduled__2019-02-01T00:00:00+00:00
[2022-02-14 04:22:05,320] {crypto.py:82} WARNING - empty cryptography key - values will not be stored encrypted.
[2022-02-14 04:22:05,991] {gcs_to_gcs.py:431} INFO - Executing copy of gs://dtc_data_lake_sage-now-339201/raw/yellow_taxi_2019-02.parquet to gs://dtc_data_lake_sage-now-339201/yellow/2019/yellow_taxi_2019-02.parquet
[2022-02-14 04:22:06,152] {gcs.py:251} INFO - Total Bytes: 128380769 | Bytes Written: 128380769
[2022-02-14 04:22:06,154] {gcs.py:264} INFO - Object raw/yellow_taxi_2019-02.parquet in bucket dtc_data_lake_sage-now-339201 rewritten to object yellow/2019/yellow_taxi_2019-02.parquet in bucket dtc_data_lake_sage-now-339201
[2022-02-14 04:22:06,320] {taskinstance.py:1277} INFO - Marking task as SUCCESS. dag_id=gcs_to_gcs_dag, task_id=move_yellow_files_gcs_task, execution_date=20190201T000000, start_date=20220214T042204, end_date=20220214T042206
[2022-02-14 04:22:06,372] {local_task_job.py:154} INFO - Task exited with return code 0
[2022-02-14 04:22:06,605] {local_task_job.py:264} INFO - 0 downstream tasks scheduled from follow-on schedule check
