[2022-02-14 03:56:01,787] {taskinstance.py:1032} INFO - Dependencies all met for <TaskInstance: gcs_to_gcs_dag.move_yellow_files_gcs_task scheduled__2019-01-01T00:00:00+00:00 [queued]>
[2022-02-14 03:56:01,825] {taskinstance.py:1032} INFO - Dependencies all met for <TaskInstance: gcs_to_gcs_dag.move_yellow_files_gcs_task scheduled__2019-01-01T00:00:00+00:00 [queued]>
[2022-02-14 03:56:01,827] {taskinstance.py:1238} INFO - 
--------------------------------------------------------------------------------
[2022-02-14 03:56:01,828] {taskinstance.py:1239} INFO - Starting attempt 2 of 2
[2022-02-14 03:56:01,829] {taskinstance.py:1240} INFO - 
--------------------------------------------------------------------------------
[2022-02-14 03:56:01,870] {taskinstance.py:1259} INFO - Executing <Task(GCSToGCSOperator): move_yellow_files_gcs_task> on 2019-01-01 00:00:00+00:00
[2022-02-14 03:56:01,875] {standard_task_runner.py:52} INFO - Started process 2679 to run task
[2022-02-14 03:56:01,882] {standard_task_runner.py:76} INFO - Running: ['***', 'tasks', 'run', 'gcs_to_gcs_dag', 'move_yellow_files_gcs_task', 'scheduled__2019-01-01T00:00:00+00:00', '--job-id', '7', '--raw', '--subdir', 'DAGS_FOLDER/gcs_to_gcs_dag.py', '--cfg-path', '/tmp/tmp1kzex4b4', '--error-file', '/tmp/tmportbi05b']
[2022-02-14 03:56:01,885] {standard_task_runner.py:77} INFO - Job 7: Subtask move_yellow_files_gcs_task
[2022-02-14 03:56:02,219] {logging_mixin.py:109} INFO - Running <TaskInstance: gcs_to_gcs_dag.move_yellow_files_gcs_task scheduled__2019-01-01T00:00:00+00:00 [running]> on host a1acede301ac
[2022-02-14 03:56:02,439] {logging_mixin.py:109} WARNING - /home/***/.local/lib/python3.7/site-packages/***/utils/context.py:152 AirflowContextDeprecationWarning: Accessing 'execution_date' from the template is deprecated and will be removed in a future version. Please use 'data_interval_start' or 'logical_date' instead.
[2022-02-14 03:56:02,627] {taskinstance.py:1426} INFO - Exporting the following env vars:
AIRFLOW_CTX_DAG_OWNER=***
AIRFLOW_CTX_DAG_ID=gcs_to_gcs_dag
AIRFLOW_CTX_TASK_ID=move_yellow_files_gcs_task
AIRFLOW_CTX_EXECUTION_DATE=2019-01-01T00:00:00+00:00
AIRFLOW_CTX_DAG_RUN_ID=scheduled__2019-01-01T00:00:00+00:00
[2022-02-14 03:56:02,633] {crypto.py:82} WARNING - empty cryptography key - values will not be stored encrypted.
[2022-02-14 03:56:02,634] {gcs_to_gcs.py:346} INFO - Delimiter ignored because wildcard is in prefix
[2022-02-14 03:56:03,255] {gcs_to_gcs.py:431} INFO - Executing copy of gs://dtc_data_lake_sage-now-339201/raw/yellow_taxi_2019-01.parquet to gs://dtc_data_lake_sage-now-339201/yellow/2019/_taxi_2019-01.parquet
[2022-02-14 03:56:03,391] {gcs.py:251} INFO - Total Bytes: 137625296 | Bytes Written: 137625296
[2022-02-14 03:56:03,393] {gcs.py:264} INFO - Object raw/yellow_taxi_2019-01.parquet in bucket dtc_data_lake_sage-now-339201 rewritten to object yellow/2019/_taxi_2019-01.parquet in bucket dtc_data_lake_sage-now-339201
[2022-02-14 03:56:03,491] {taskinstance.py:1277} INFO - Marking task as SUCCESS. dag_id=gcs_to_gcs_dag, task_id=move_yellow_files_gcs_task, execution_date=20190101T000000, start_date=20220214T035601, end_date=20220214T035603
[2022-02-14 03:56:03,580] {local_task_job.py:154} INFO - Task exited with return code 0
[2022-02-14 03:56:03,803] {local_task_job.py:264} INFO - 0 downstream tasks scheduled from follow-on schedule check
[2022-02-14 04:13:25,838] {taskinstance.py:1032} INFO - Dependencies all met for <TaskInstance: gcs_to_gcs_dag.move_yellow_files_gcs_task scheduled__2019-01-01T00:00:00+00:00 [queued]>
[2022-02-14 04:13:25,880] {taskinstance.py:1032} INFO - Dependencies all met for <TaskInstance: gcs_to_gcs_dag.move_yellow_files_gcs_task scheduled__2019-01-01T00:00:00+00:00 [queued]>
[2022-02-14 04:13:25,882] {taskinstance.py:1238} INFO - 
--------------------------------------------------------------------------------
[2022-02-14 04:13:25,884] {taskinstance.py:1239} INFO - Starting attempt 2 of 2
[2022-02-14 04:13:25,886] {taskinstance.py:1240} INFO - 
--------------------------------------------------------------------------------
[2022-02-14 04:13:25,933] {taskinstance.py:1259} INFO - Executing <Task(GCSToGCSOperator): move_yellow_files_gcs_task> on 2019-01-01 00:00:00+00:00
[2022-02-14 04:13:25,939] {standard_task_runner.py:52} INFO - Started process 3850 to run task
[2022-02-14 04:13:25,947] {standard_task_runner.py:76} INFO - Running: ['***', 'tasks', 'run', 'gcs_to_gcs_dag', 'move_yellow_files_gcs_task', 'scheduled__2019-01-01T00:00:00+00:00', '--job-id', '12', '--raw', '--subdir', 'DAGS_FOLDER/gcs_to_gcs_dag.py', '--cfg-path', '/tmp/tmp97n1_6sw', '--error-file', '/tmp/tmp_e0235p2']
[2022-02-14 04:13:25,952] {standard_task_runner.py:77} INFO - Job 12: Subtask move_yellow_files_gcs_task
[2022-02-14 04:13:26,275] {logging_mixin.py:109} INFO - Running <TaskInstance: gcs_to_gcs_dag.move_yellow_files_gcs_task scheduled__2019-01-01T00:00:00+00:00 [running]> on host a1acede301ac
[2022-02-14 04:13:26,481] {logging_mixin.py:109} WARNING - /home/***/.local/lib/python3.7/site-packages/***/utils/context.py:152 AirflowContextDeprecationWarning: Accessing 'execution_date' from the template is deprecated and will be removed in a future version. Please use 'data_interval_start' or 'logical_date' instead.
[2022-02-14 04:13:26,665] {taskinstance.py:1426} INFO - Exporting the following env vars:
AIRFLOW_CTX_DAG_OWNER=***
AIRFLOW_CTX_DAG_ID=gcs_to_gcs_dag
AIRFLOW_CTX_TASK_ID=move_yellow_files_gcs_task
AIRFLOW_CTX_EXECUTION_DATE=2019-01-01T00:00:00+00:00
AIRFLOW_CTX_DAG_RUN_ID=scheduled__2019-01-01T00:00:00+00:00
[2022-02-14 04:13:26,670] {crypto.py:82} WARNING - empty cryptography key - values will not be stored encrypted.
[2022-02-14 04:13:27,259] {gcs_to_gcs.py:431} INFO - Executing copy of gs://dtc_data_lake_sage-now-339201/raw/yellow_taxi_2019-01.parquet to gs://dtc_data_lake_sage-now-339201/yellow/2019/
[2022-02-14 04:13:27,397] {gcs.py:251} INFO - Total Bytes: 137625296 | Bytes Written: 137625296
[2022-02-14 04:13:27,399] {gcs.py:264} INFO - Object raw/yellow_taxi_2019-01.parquet in bucket dtc_data_lake_sage-now-339201 rewritten to object yellow/2019/ in bucket dtc_data_lake_sage-now-339201
[2022-02-14 04:13:27,497] {taskinstance.py:1277} INFO - Marking task as SUCCESS. dag_id=gcs_to_gcs_dag, task_id=move_yellow_files_gcs_task, execution_date=20190101T000000, start_date=20220214T041325, end_date=20220214T041327
[2022-02-14 04:13:27,549] {local_task_job.py:154} INFO - Task exited with return code 0
[2022-02-14 04:13:27,756] {local_task_job.py:264} INFO - 0 downstream tasks scheduled from follow-on schedule check
