[2022-02-14 04:18:28,864] {taskinstance.py:1032} INFO - Dependencies all met for <TaskInstance: gcs_to_gcs_dag.move_yellow_files_gcs_task scheduled__2019-01-01T00:00:00+00:00 [queued]>
[2022-02-14 04:18:28,905] {taskinstance.py:1032} INFO - Dependencies all met for <TaskInstance: gcs_to_gcs_dag.move_yellow_files_gcs_task scheduled__2019-01-01T00:00:00+00:00 [queued]>
[2022-02-14 04:18:28,906] {taskinstance.py:1238} INFO - 
--------------------------------------------------------------------------------
[2022-02-14 04:18:28,908] {taskinstance.py:1239} INFO - Starting attempt 3 of 3
[2022-02-14 04:18:28,909] {taskinstance.py:1240} INFO - 
--------------------------------------------------------------------------------
[2022-02-14 04:18:28,951] {taskinstance.py:1259} INFO - Executing <Task(GCSToGCSOperator): move_yellow_files_gcs_task> on 2019-01-01 00:00:00+00:00
[2022-02-14 04:18:28,956] {standard_task_runner.py:52} INFO - Started process 4192 to run task
[2022-02-14 04:18:28,962] {standard_task_runner.py:76} INFO - Running: ['***', 'tasks', 'run', 'gcs_to_gcs_dag', 'move_yellow_files_gcs_task', 'scheduled__2019-01-01T00:00:00+00:00', '--job-id', '13', '--raw', '--subdir', 'DAGS_FOLDER/gcs_to_gcs_dag.py', '--cfg-path', '/tmp/tmpnqwftl5f', '--error-file', '/tmp/tmpxsba_zht']
[2022-02-14 04:18:28,965] {standard_task_runner.py:77} INFO - Job 13: Subtask move_yellow_files_gcs_task
[2022-02-14 04:18:29,278] {logging_mixin.py:109} INFO - Running <TaskInstance: gcs_to_gcs_dag.move_yellow_files_gcs_task scheduled__2019-01-01T00:00:00+00:00 [running]> on host a1acede301ac
[2022-02-14 04:18:29,477] {logging_mixin.py:109} WARNING - /home/***/.local/lib/python3.7/site-packages/***/utils/context.py:152 AirflowContextDeprecationWarning: Accessing 'execution_date' from the template is deprecated and will be removed in a future version. Please use 'data_interval_start' or 'logical_date' instead.
[2022-02-14 04:18:29,660] {taskinstance.py:1426} INFO - Exporting the following env vars:
AIRFLOW_CTX_DAG_OWNER=***
AIRFLOW_CTX_DAG_ID=gcs_to_gcs_dag
AIRFLOW_CTX_TASK_ID=move_yellow_files_gcs_task
AIRFLOW_CTX_EXECUTION_DATE=2019-01-01T00:00:00+00:00
AIRFLOW_CTX_DAG_RUN_ID=scheduled__2019-01-01T00:00:00+00:00
[2022-02-14 04:18:29,665] {crypto.py:82} WARNING - empty cryptography key - values will not be stored encrypted.
[2022-02-14 04:18:30,281] {gcs_to_gcs.py:431} INFO - Executing copy of gs://dtc_data_lake_sage-now-339201/raw/yellow_taxi_2019-01.parquet to gs://dtc_data_lake_sage-now-339201/yellow/2019/yellow_taxi_2019-01.parquet
[2022-02-14 04:18:30,444] {gcs.py:251} INFO - Total Bytes: 137625296 | Bytes Written: 137625296
[2022-02-14 04:18:30,445] {gcs.py:264} INFO - Object raw/yellow_taxi_2019-01.parquet in bucket dtc_data_lake_sage-now-339201 rewritten to object yellow/2019/yellow_taxi_2019-01.parquet in bucket dtc_data_lake_sage-now-339201
[2022-02-14 04:18:30,542] {taskinstance.py:1277} INFO - Marking task as SUCCESS. dag_id=gcs_to_gcs_dag, task_id=move_yellow_files_gcs_task, execution_date=20190101T000000, start_date=20220214T041828, end_date=20220214T041830
[2022-02-14 04:18:30,592] {local_task_job.py:154} INFO - Task exited with return code 0
[2022-02-14 04:18:30,802] {local_task_job.py:264} INFO - 0 downstream tasks scheduled from follow-on schedule check
