

============================== 2022-02-15 05:12:49.474740 | 725649fe-c2d6-4cd1-bb8e-6f43ecb12207 ==============================
05:12:49.474740 [info ] [MainThread]: Running with dbt=1.0.1
05:12:49.474935 [debug] [MainThread]: running dbt with arguments Namespace(record_timing_info=None, debug=None, log_format=None, write_json=None, use_colors=None, printer_width=None, warn_error=None, version_check=None, partial_parse=None, single_threaded=False, use_experimental_parser=None, static_parser=None, profiles_dir='/Users/alvin/.dbt', send_anonymous_usage_stats=None, fail_fast=None, event_buffer_size=None, project_dir=None, profile=None, target=None, vars='{}', log_cache_events=False, config_dir=False, defer=None, state=None, cls=<class 'dbt.task.debug.DebugTask'>, which='debug', rpc_method=None)
05:12:49.475019 [debug] [MainThread]: Tracking: tracking
05:12:49.483196 [debug] [MainThread]: Sending event: {'category': 'dbt', 'action': 'invocation', 'label': 'start', 'context': [<snowplow_tracker.self_describing_json.SelfDescribingJson object at 0x104e19610>, <snowplow_tracker.self_describing_json.SelfDescribingJson object at 0x104e19910>, <snowplow_tracker.self_describing_json.SelfDescribingJson object at 0x104e19940>]}
05:12:49.508402 [debug] [MainThread]: Executing "git --help"
05:12:49.512463 [debug] [MainThread]: STDOUT: "b"usage: git [--version] [--help] [-C <path>] [-c <name>=<value>]\n           [--exec-path[=<path>]] [--html-path] [--man-path] [--info-path]\n           [-p | --paginate | -P | --no-pager] [--no-replace-objects] [--bare]\n           [--git-dir=<path>] [--work-tree=<path>] [--namespace=<name>]\n           [--super-prefix=<path>] [--config-env=<name>=<envvar>]\n           <command> [<args>]\n\nThese are common Git commands used in various situations:\n\nstart a working area (see also: git help tutorial)\n   clone     Clone a repository into a new directory\n   init      Create an empty Git repository or reinitialize an existing one\n\nwork on the current change (see also: git help everyday)\n   add       Add file contents to the index\n   mv        Move or rename a file, a directory, or a symlink\n   restore   Restore working tree files\n   rm        Remove files from the working tree and from the index\n\nexamine the history and state (see also: git help revisions)\n   bisect    Use binary search to find the commit that introduced a bug\n   diff      Show changes between commits, commit and working tree, etc\n   grep      Print lines matching a pattern\n   log       Show commit logs\n   show      Show various types of objects\n   status    Show the working tree status\n\ngrow, mark and tweak your common history\n   branch    List, create, or delete branches\n   commit    Record changes to the repository\n   merge     Join two or more development histories together\n   rebase    Reapply commits on top of another base tip\n   reset     Reset current HEAD to the specified state\n   switch    Switch branches\n   tag       Create, list, delete or verify a tag object signed with GPG\n\ncollaborate (see also: git help workflows)\n   fetch     Download objects and refs from another repository\n   pull      Fetch from and integrate with another repository or a local branch\n   push      Update remote refs along with associated objects\n\n'git help -a' and 'git help -g' list available subcommands and some\nconcept guides. See 'git help <command>' or 'git help <concept>'\nto read about a specific subcommand or concept.\nSee 'git help git' for an overview of the system.\n""
05:12:49.512858 [debug] [MainThread]: STDERR: "b''"
05:12:49.516647 [debug] [MainThread]: Acquiring new postgres connection "debug"
05:12:49.517022 [debug] [MainThread]: Using postgres connection "debug"
05:12:49.517112 [debug] [MainThread]: On debug: select 1 as id
05:12:49.517200 [debug] [MainThread]: Opening a new connection, currently in state init
05:12:49.538242 [debug] [MainThread]: Postgres adapter: Got an error when attempting to open a postgres connection: 'connection to server at "localhost" (::1), port 5432 failed: FATAL:  password authentication failed for user "root"
'
05:12:49.538486 [debug] [MainThread]: Postgres adapter: Error running SQL: select 1 as id
05:12:49.538554 [debug] [MainThread]: Postgres adapter: Rolling back transaction.
05:12:49.538654 [debug] [MainThread]: On debug: No close available on handle
05:12:49.538961 [debug] [MainThread]: Sending event: {'category': 'dbt', 'action': 'invocation', 'label': 'end', 'context': [<snowplow_tracker.self_describing_json.SelfDescribingJson object at 0x105064580>, <snowplow_tracker.self_describing_json.SelfDescribingJson object at 0x105064460>, <snowplow_tracker.self_describing_json.SelfDescribingJson object at 0x105060f70>]}
05:12:49.723130 [debug] [MainThread]: Connection 'debug' was properly closed.


============================== 2022-02-15 05:16:44.287624 | 6f2afd14-aa4f-4a84-8c60-4374bee52169 ==============================
05:16:44.287624 [info ] [MainThread]: Running with dbt=1.0.1
05:16:44.287813 [debug] [MainThread]: running dbt with arguments Namespace(record_timing_info=None, debug=None, log_format=None, write_json=None, use_colors=None, printer_width=None, warn_error=None, version_check=None, partial_parse=None, single_threaded=False, use_experimental_parser=None, static_parser=None, profiles_dir='/Users/alvin/.dbt', send_anonymous_usage_stats=None, fail_fast=None, event_buffer_size=None, project_dir=None, profile=None, target=None, vars='{}', log_cache_events=False, config_dir=False, defer=None, state=None, cls=<class 'dbt.task.debug.DebugTask'>, which='debug', rpc_method=None)
05:16:44.287897 [debug] [MainThread]: Tracking: tracking
05:16:44.296103 [debug] [MainThread]: Sending event: {'category': 'dbt', 'action': 'invocation', 'label': 'start', 'context': [<snowplow_tracker.self_describing_json.SelfDescribingJson object at 0x105c4dc40>, <snowplow_tracker.self_describing_json.SelfDescribingJson object at 0x105c4d520>, <snowplow_tracker.self_describing_json.SelfDescribingJson object at 0x105c4d4f0>]}
05:16:44.320090 [debug] [MainThread]: Executing "git --help"
05:16:44.324114 [debug] [MainThread]: STDOUT: "b"usage: git [--version] [--help] [-C <path>] [-c <name>=<value>]\n           [--exec-path[=<path>]] [--html-path] [--man-path] [--info-path]\n           [-p | --paginate | -P | --no-pager] [--no-replace-objects] [--bare]\n           [--git-dir=<path>] [--work-tree=<path>] [--namespace=<name>]\n           [--super-prefix=<path>] [--config-env=<name>=<envvar>]\n           <command> [<args>]\n\nThese are common Git commands used in various situations:\n\nstart a working area (see also: git help tutorial)\n   clone     Clone a repository into a new directory\n   init      Create an empty Git repository or reinitialize an existing one\n\nwork on the current change (see also: git help everyday)\n   add       Add file contents to the index\n   mv        Move or rename a file, a directory, or a symlink\n   restore   Restore working tree files\n   rm        Remove files from the working tree and from the index\n\nexamine the history and state (see also: git help revisions)\n   bisect    Use binary search to find the commit that introduced a bug\n   diff      Show changes between commits, commit and working tree, etc\n   grep      Print lines matching a pattern\n   log       Show commit logs\n   show      Show various types of objects\n   status    Show the working tree status\n\ngrow, mark and tweak your common history\n   branch    List, create, or delete branches\n   commit    Record changes to the repository\n   merge     Join two or more development histories together\n   rebase    Reapply commits on top of another base tip\n   reset     Reset current HEAD to the specified state\n   switch    Switch branches\n   tag       Create, list, delete or verify a tag object signed with GPG\n\ncollaborate (see also: git help workflows)\n   fetch     Download objects and refs from another repository\n   pull      Fetch from and integrate with another repository or a local branch\n   push      Update remote refs along with associated objects\n\n'git help -a' and 'git help -g' list available subcommands and some\nconcept guides. See 'git help <command>' or 'git help <concept>'\nto read about a specific subcommand or concept.\nSee 'git help git' for an overview of the system.\n""
05:16:44.324471 [debug] [MainThread]: STDERR: "b''"
05:16:44.324847 [debug] [MainThread]: Sending event: {'category': 'dbt', 'action': 'invocation', 'label': 'end', 'context': [<snowplow_tracker.self_describing_json.SelfDescribingJson object at 0x105c99190>, <snowplow_tracker.self_describing_json.SelfDescribingJson object at 0x105ec3b80>, <snowplow_tracker.self_describing_json.SelfDescribingJson object at 0x105ec3df0>]}


============================== 2022-02-15 05:18:26.847916 | f9d6dbcd-c796-4853-8d34-67bf262e5834 ==============================
05:18:26.847916 [info ] [MainThread]: Running with dbt=1.0.1
05:18:26.848226 [debug] [MainThread]: running dbt with arguments Namespace(record_timing_info=None, debug=None, log_format=None, write_json=None, use_colors=None, printer_width=None, warn_error=None, version_check=None, partial_parse=None, single_threaded=False, use_experimental_parser=None, static_parser=None, profiles_dir='/Users/alvin/.dbt', send_anonymous_usage_stats=None, fail_fast=None, event_buffer_size=None, project_dir=None, profile=None, target=None, vars='{}', log_cache_events=False, config_dir=False, defer=None, state=None, cls=<class 'dbt.task.debug.DebugTask'>, which='debug', rpc_method=None)
05:18:26.848310 [debug] [MainThread]: Tracking: tracking
05:18:26.856480 [debug] [MainThread]: Sending event: {'category': 'dbt', 'action': 'invocation', 'label': 'start', 'context': [<snowplow_tracker.self_describing_json.SelfDescribingJson object at 0x106538af0>, <snowplow_tracker.self_describing_json.SelfDescribingJson object at 0x106538430>, <snowplow_tracker.self_describing_json.SelfDescribingJson object at 0x106538340>]}
05:18:26.887231 [debug] [MainThread]: Executing "git --help"
05:18:26.896498 [debug] [MainThread]: STDOUT: "b"usage: git [--version] [--help] [-C <path>] [-c <name>=<value>]\n           [--exec-path[=<path>]] [--html-path] [--man-path] [--info-path]\n           [-p | --paginate | -P | --no-pager] [--no-replace-objects] [--bare]\n           [--git-dir=<path>] [--work-tree=<path>] [--namespace=<name>]\n           [--super-prefix=<path>] [--config-env=<name>=<envvar>]\n           <command> [<args>]\n\nThese are common Git commands used in various situations:\n\nstart a working area (see also: git help tutorial)\n   clone     Clone a repository into a new directory\n   init      Create an empty Git repository or reinitialize an existing one\n\nwork on the current change (see also: git help everyday)\n   add       Add file contents to the index\n   mv        Move or rename a file, a directory, or a symlink\n   restore   Restore working tree files\n   rm        Remove files from the working tree and from the index\n\nexamine the history and state (see also: git help revisions)\n   bisect    Use binary search to find the commit that introduced a bug\n   diff      Show changes between commits, commit and working tree, etc\n   grep      Print lines matching a pattern\n   log       Show commit logs\n   show      Show various types of objects\n   status    Show the working tree status\n\ngrow, mark and tweak your common history\n   branch    List, create, or delete branches\n   commit    Record changes to the repository\n   merge     Join two or more development histories together\n   rebase    Reapply commits on top of another base tip\n   reset     Reset current HEAD to the specified state\n   switch    Switch branches\n   tag       Create, list, delete or verify a tag object signed with GPG\n\ncollaborate (see also: git help workflows)\n   fetch     Download objects and refs from another repository\n   pull      Fetch from and integrate with another repository or a local branch\n   push      Update remote refs along with associated objects\n\n'git help -a' and 'git help -g' list available subcommands and some\nconcept guides. See 'git help <command>' or 'git help <concept>'\nto read about a specific subcommand or concept.\nSee 'git help git' for an overview of the system.\n""
05:18:26.896838 [debug] [MainThread]: STDERR: "b''"
05:18:26.897302 [debug] [MainThread]: Sending event: {'category': 'dbt', 'action': 'invocation', 'label': 'end', 'context': [<snowplow_tracker.self_describing_json.SelfDescribingJson object at 0x10652ff10>, <snowplow_tracker.self_describing_json.SelfDescribingJson object at 0x1067acc10>, <snowplow_tracker.self_describing_json.SelfDescribingJson object at 0x1067ac850>]}


============================== 2022-02-15 05:18:35.187174 | 47eba74e-ce88-471b-ae70-234fd82fcb3d ==============================
05:18:35.187174 [info ] [MainThread]: Running with dbt=1.0.1
05:18:35.187348 [debug] [MainThread]: running dbt with arguments Namespace(record_timing_info=None, debug=None, log_format=None, write_json=None, use_colors=None, printer_width=None, warn_error=None, version_check=None, partial_parse=None, single_threaded=False, use_experimental_parser=None, static_parser=None, profiles_dir='/Users/alvin/.dbt', send_anonymous_usage_stats=None, fail_fast=None, event_buffer_size=None, project_dir=None, profile=None, target=None, vars='{}', log_cache_events=False, config_dir=False, defer=None, state=None, cls=<class 'dbt.task.debug.DebugTask'>, which='debug', rpc_method=None)
05:18:35.187429 [debug] [MainThread]: Tracking: tracking
05:18:35.195948 [debug] [MainThread]: Sending event: {'category': 'dbt', 'action': 'invocation', 'label': 'start', 'context': [<snowplow_tracker.self_describing_json.SelfDescribingJson object at 0x1037f6190>, <snowplow_tracker.self_describing_json.SelfDescribingJson object at 0x1037f6580>, <snowplow_tracker.self_describing_json.SelfDescribingJson object at 0x1037f6490>]}
05:18:35.221290 [debug] [MainThread]: Executing "git --help"
05:18:35.225387 [debug] [MainThread]: STDOUT: "b"usage: git [--version] [--help] [-C <path>] [-c <name>=<value>]\n           [--exec-path[=<path>]] [--html-path] [--man-path] [--info-path]\n           [-p | --paginate | -P | --no-pager] [--no-replace-objects] [--bare]\n           [--git-dir=<path>] [--work-tree=<path>] [--namespace=<name>]\n           [--super-prefix=<path>] [--config-env=<name>=<envvar>]\n           <command> [<args>]\n\nThese are common Git commands used in various situations:\n\nstart a working area (see also: git help tutorial)\n   clone     Clone a repository into a new directory\n   init      Create an empty Git repository or reinitialize an existing one\n\nwork on the current change (see also: git help everyday)\n   add       Add file contents to the index\n   mv        Move or rename a file, a directory, or a symlink\n   restore   Restore working tree files\n   rm        Remove files from the working tree and from the index\n\nexamine the history and state (see also: git help revisions)\n   bisect    Use binary search to find the commit that introduced a bug\n   diff      Show changes between commits, commit and working tree, etc\n   grep      Print lines matching a pattern\n   log       Show commit logs\n   show      Show various types of objects\n   status    Show the working tree status\n\ngrow, mark and tweak your common history\n   branch    List, create, or delete branches\n   commit    Record changes to the repository\n   merge     Join two or more development histories together\n   rebase    Reapply commits on top of another base tip\n   reset     Reset current HEAD to the specified state\n   switch    Switch branches\n   tag       Create, list, delete or verify a tag object signed with GPG\n\ncollaborate (see also: git help workflows)\n   fetch     Download objects and refs from another repository\n   pull      Fetch from and integrate with another repository or a local branch\n   push      Update remote refs along with associated objects\n\n'git help -a' and 'git help -g' list available subcommands and some\nconcept guides. See 'git help <command>' or 'git help <concept>'\nto read about a specific subcommand or concept.\nSee 'git help git' for an overview of the system.\n""
05:18:35.225688 [debug] [MainThread]: STDERR: "b''"
05:18:35.229644 [debug] [MainThread]: Acquiring new postgres connection "debug"
05:18:35.230254 [debug] [MainThread]: Using postgres connection "debug"
05:18:35.230382 [debug] [MainThread]: On debug: select 1 as id
05:18:35.230482 [debug] [MainThread]: Opening a new connection, currently in state init
05:18:35.264924 [debug] [MainThread]: Postgres adapter: Got an error when attempting to open a postgres connection: 'connection to server at "localhost" (::1), port 5432 failed: FATAL:  password authentication failed for user "root"
'
05:18:35.265232 [debug] [MainThread]: Postgres adapter: Error running SQL: select 1 as id
05:18:35.265305 [debug] [MainThread]: Postgres adapter: Rolling back transaction.
05:18:35.265425 [debug] [MainThread]: On debug: No close available on handle
05:18:35.265831 [debug] [MainThread]: Sending event: {'category': 'dbt', 'action': 'invocation', 'label': 'end', 'context': [<snowplow_tracker.self_describing_json.SelfDescribingJson object at 0x103a7d0a0>, <snowplow_tracker.self_describing_json.SelfDescribingJson object at 0x103a62430>, <snowplow_tracker.self_describing_json.SelfDescribingJson object at 0x103a628b0>]}
05:18:35.417005 [debug] [MainThread]: Connection 'debug' was properly closed.


============================== 2022-02-15 05:21:51.881171 | d4fac711-d9b8-467d-a898-76c225717381 ==============================
05:21:51.881171 [info ] [MainThread]: Running with dbt=1.0.1
05:21:51.881516 [debug] [MainThread]: running dbt with arguments Namespace(record_timing_info=None, debug=None, log_format=None, write_json=None, use_colors=None, printer_width=None, warn_error=None, version_check=None, partial_parse=None, single_threaded=False, use_experimental_parser=None, static_parser=None, profiles_dir='/Users/alvin/.dbt', send_anonymous_usage_stats=None, fail_fast=None, event_buffer_size=None, project_dir=None, profile=None, target=None, vars='{}', log_cache_events=False, config_dir=False, defer=None, state=None, cls=<class 'dbt.task.debug.DebugTask'>, which='debug', rpc_method=None)
05:21:51.881620 [debug] [MainThread]: Tracking: tracking
05:21:51.891131 [debug] [MainThread]: Sending event: {'category': 'dbt', 'action': 'invocation', 'label': 'start', 'context': [<snowplow_tracker.self_describing_json.SelfDescribingJson object at 0x103d4edf0>, <snowplow_tracker.self_describing_json.SelfDescribingJson object at 0x103d4e640>, <snowplow_tracker.self_describing_json.SelfDescribingJson object at 0x103d4e880>]}
05:21:51.927720 [debug] [MainThread]: Executing "git --help"
05:21:51.939203 [debug] [MainThread]: STDOUT: "b"usage: git [--version] [--help] [-C <path>] [-c <name>=<value>]\n           [--exec-path[=<path>]] [--html-path] [--man-path] [--info-path]\n           [-p | --paginate | -P | --no-pager] [--no-replace-objects] [--bare]\n           [--git-dir=<path>] [--work-tree=<path>] [--namespace=<name>]\n           [--super-prefix=<path>] [--config-env=<name>=<envvar>]\n           <command> [<args>]\n\nThese are common Git commands used in various situations:\n\nstart a working area (see also: git help tutorial)\n   clone     Clone a repository into a new directory\n   init      Create an empty Git repository or reinitialize an existing one\n\nwork on the current change (see also: git help everyday)\n   add       Add file contents to the index\n   mv        Move or rename a file, a directory, or a symlink\n   restore   Restore working tree files\n   rm        Remove files from the working tree and from the index\n\nexamine the history and state (see also: git help revisions)\n   bisect    Use binary search to find the commit that introduced a bug\n   diff      Show changes between commits, commit and working tree, etc\n   grep      Print lines matching a pattern\n   log       Show commit logs\n   show      Show various types of objects\n   status    Show the working tree status\n\ngrow, mark and tweak your common history\n   branch    List, create, or delete branches\n   commit    Record changes to the repository\n   merge     Join two or more development histories together\n   rebase    Reapply commits on top of another base tip\n   reset     Reset current HEAD to the specified state\n   switch    Switch branches\n   tag       Create, list, delete or verify a tag object signed with GPG\n\ncollaborate (see also: git help workflows)\n   fetch     Download objects and refs from another repository\n   pull      Fetch from and integrate with another repository or a local branch\n   push      Update remote refs along with associated objects\n\n'git help -a' and 'git help -g' list available subcommands and some\nconcept guides. See 'git help <command>' or 'git help <concept>'\nto read about a specific subcommand or concept.\nSee 'git help git' for an overview of the system.\n""
05:21:51.939673 [debug] [MainThread]: STDERR: "b''"
05:21:51.943481 [debug] [MainThread]: Acquiring new postgres connection "debug"
05:21:51.944162 [debug] [MainThread]: Using postgres connection "debug"
05:21:51.944248 [debug] [MainThread]: On debug: select 1 as id
05:21:51.944366 [debug] [MainThread]: Opening a new connection, currently in state init
05:21:51.968037 [debug] [MainThread]: Postgres adapter: Got an error when attempting to open a postgres connection: 'connection to server at "localhost" (::1), port 5431 failed: FATAL:  the database system is starting up
'
05:21:51.968311 [debug] [MainThread]: Postgres adapter: Error running SQL: select 1 as id
05:21:51.968386 [debug] [MainThread]: Postgres adapter: Rolling back transaction.
05:21:51.968520 [debug] [MainThread]: On debug: No close available on handle
05:21:51.968867 [debug] [MainThread]: Sending event: {'category': 'dbt', 'action': 'invocation', 'label': 'end', 'context': [<snowplow_tracker.self_describing_json.SelfDescribingJson object at 0x103fd8190>, <snowplow_tracker.self_describing_json.SelfDescribingJson object at 0x103fd8ca0>, <snowplow_tracker.self_describing_json.SelfDescribingJson object at 0x103fd2cd0>]}
05:21:52.189284 [debug] [MainThread]: Connection 'debug' was properly closed.


============================== 2022-02-15 05:21:57.485954 | 55633744-ff8e-4582-b975-a356edec84fa ==============================
05:21:57.485954 [info ] [MainThread]: Running with dbt=1.0.1
05:21:57.486146 [debug] [MainThread]: running dbt with arguments Namespace(record_timing_info=None, debug=None, log_format=None, write_json=None, use_colors=None, printer_width=None, warn_error=None, version_check=None, partial_parse=None, single_threaded=False, use_experimental_parser=None, static_parser=None, profiles_dir='/Users/alvin/.dbt', send_anonymous_usage_stats=None, fail_fast=None, event_buffer_size=None, project_dir=None, profile=None, target=None, vars='{}', log_cache_events=False, config_dir=False, defer=None, state=None, cls=<class 'dbt.task.debug.DebugTask'>, which='debug', rpc_method=None)
05:21:57.486232 [debug] [MainThread]: Tracking: tracking
05:21:57.495556 [debug] [MainThread]: Sending event: {'category': 'dbt', 'action': 'invocation', 'label': 'start', 'context': [<snowplow_tracker.self_describing_json.SelfDescribingJson object at 0x1085dc3a0>, <snowplow_tracker.self_describing_json.SelfDescribingJson object at 0x1085dcfd0>, <snowplow_tracker.self_describing_json.SelfDescribingJson object at 0x1085dcb20>]}
05:21:57.527849 [debug] [MainThread]: Executing "git --help"
05:21:57.533150 [debug] [MainThread]: STDOUT: "b"usage: git [--version] [--help] [-C <path>] [-c <name>=<value>]\n           [--exec-path[=<path>]] [--html-path] [--man-path] [--info-path]\n           [-p | --paginate | -P | --no-pager] [--no-replace-objects] [--bare]\n           [--git-dir=<path>] [--work-tree=<path>] [--namespace=<name>]\n           [--super-prefix=<path>] [--config-env=<name>=<envvar>]\n           <command> [<args>]\n\nThese are common Git commands used in various situations:\n\nstart a working area (see also: git help tutorial)\n   clone     Clone a repository into a new directory\n   init      Create an empty Git repository or reinitialize an existing one\n\nwork on the current change (see also: git help everyday)\n   add       Add file contents to the index\n   mv        Move or rename a file, a directory, or a symlink\n   restore   Restore working tree files\n   rm        Remove files from the working tree and from the index\n\nexamine the history and state (see also: git help revisions)\n   bisect    Use binary search to find the commit that introduced a bug\n   diff      Show changes between commits, commit and working tree, etc\n   grep      Print lines matching a pattern\n   log       Show commit logs\n   show      Show various types of objects\n   status    Show the working tree status\n\ngrow, mark and tweak your common history\n   branch    List, create, or delete branches\n   commit    Record changes to the repository\n   merge     Join two or more development histories together\n   rebase    Reapply commits on top of another base tip\n   reset     Reset current HEAD to the specified state\n   switch    Switch branches\n   tag       Create, list, delete or verify a tag object signed with GPG\n\ncollaborate (see also: git help workflows)\n   fetch     Download objects and refs from another repository\n   pull      Fetch from and integrate with another repository or a local branch\n   push      Update remote refs along with associated objects\n\n'git help -a' and 'git help -g' list available subcommands and some\nconcept guides. See 'git help <command>' or 'git help <concept>'\nto read about a specific subcommand or concept.\nSee 'git help git' for an overview of the system.\n""
05:21:57.533827 [debug] [MainThread]: STDERR: "b''"
05:21:57.537567 [debug] [MainThread]: Acquiring new postgres connection "debug"
05:21:57.538101 [debug] [MainThread]: Using postgres connection "debug"
05:21:57.538189 [debug] [MainThread]: On debug: select 1 as id
05:21:57.538274 [debug] [MainThread]: Opening a new connection, currently in state init
05:21:57.546066 [debug] [MainThread]: Postgres adapter: Got an error when attempting to open a postgres connection: 'connection to server at "localhost" (::1), port 5431 failed: FATAL:  the database system is starting up
'
05:21:57.546338 [debug] [MainThread]: Postgres adapter: Error running SQL: select 1 as id
05:21:57.546410 [debug] [MainThread]: Postgres adapter: Rolling back transaction.
05:21:57.546536 [debug] [MainThread]: On debug: No close available on handle
05:21:57.546860 [debug] [MainThread]: Sending event: {'category': 'dbt', 'action': 'invocation', 'label': 'end', 'context': [<snowplow_tracker.self_describing_json.SelfDescribingJson object at 0x10885f550>, <snowplow_tracker.self_describing_json.SelfDescribingJson object at 0x108848f40>, <snowplow_tracker.self_describing_json.SelfDescribingJson object at 0x108848760>]}
05:21:57.691762 [debug] [MainThread]: Connection 'debug' was properly closed.


============================== 2022-02-15 05:23:00.144987 | 6209d7fb-b399-4add-b50b-24b077c849e8 ==============================
05:23:00.144987 [info ] [MainThread]: Running with dbt=1.0.1
05:23:00.145321 [debug] [MainThread]: running dbt with arguments Namespace(record_timing_info=None, debug=None, log_format=None, write_json=None, use_colors=None, printer_width=None, warn_error=None, version_check=None, partial_parse=None, single_threaded=False, use_experimental_parser=None, static_parser=None, profiles_dir='/Users/alvin/.dbt', send_anonymous_usage_stats=None, fail_fast=None, event_buffer_size=None, project_dir=None, profile=None, target=None, vars='{}', log_cache_events=False, config_dir=False, defer=None, state=None, cls=<class 'dbt.task.debug.DebugTask'>, which='debug', rpc_method=None)
05:23:00.145418 [debug] [MainThread]: Tracking: tracking
05:23:00.155819 [debug] [MainThread]: Sending event: {'category': 'dbt', 'action': 'invocation', 'label': 'start', 'context': [<snowplow_tracker.self_describing_json.SelfDescribingJson object at 0x1086e2460>, <snowplow_tracker.self_describing_json.SelfDescribingJson object at 0x1086e2fd0>, <snowplow_tracker.self_describing_json.SelfDescribingJson object at 0x1086e25e0>]}
05:23:00.193742 [debug] [MainThread]: Executing "git --help"
05:23:00.207308 [debug] [MainThread]: STDOUT: "b"usage: git [--version] [--help] [-C <path>] [-c <name>=<value>]\n           [--exec-path[=<path>]] [--html-path] [--man-path] [--info-path]\n           [-p | --paginate | -P | --no-pager] [--no-replace-objects] [--bare]\n           [--git-dir=<path>] [--work-tree=<path>] [--namespace=<name>]\n           [--super-prefix=<path>] [--config-env=<name>=<envvar>]\n           <command> [<args>]\n\nThese are common Git commands used in various situations:\n\nstart a working area (see also: git help tutorial)\n   clone     Clone a repository into a new directory\n   init      Create an empty Git repository or reinitialize an existing one\n\nwork on the current change (see also: git help everyday)\n   add       Add file contents to the index\n   mv        Move or rename a file, a directory, or a symlink\n   restore   Restore working tree files\n   rm        Remove files from the working tree and from the index\n\nexamine the history and state (see also: git help revisions)\n   bisect    Use binary search to find the commit that introduced a bug\n   diff      Show changes between commits, commit and working tree, etc\n   grep      Print lines matching a pattern\n   log       Show commit logs\n   show      Show various types of objects\n   status    Show the working tree status\n\ngrow, mark and tweak your common history\n   branch    List, create, or delete branches\n   commit    Record changes to the repository\n   merge     Join two or more development histories together\n   rebase    Reapply commits on top of another base tip\n   reset     Reset current HEAD to the specified state\n   switch    Switch branches\n   tag       Create, list, delete or verify a tag object signed with GPG\n\ncollaborate (see also: git help workflows)\n   fetch     Download objects and refs from another repository\n   pull      Fetch from and integrate with another repository or a local branch\n   push      Update remote refs along with associated objects\n\n'git help -a' and 'git help -g' list available subcommands and some\nconcept guides. See 'git help <command>' or 'git help <concept>'\nto read about a specific subcommand or concept.\nSee 'git help git' for an overview of the system.\n""
05:23:00.207710 [debug] [MainThread]: STDERR: "b''"
05:23:00.211758 [debug] [MainThread]: Acquiring new postgres connection "debug"
05:23:00.212353 [debug] [MainThread]: Using postgres connection "debug"
05:23:00.212452 [debug] [MainThread]: On debug: select 1 as id
05:23:00.212543 [debug] [MainThread]: Opening a new connection, currently in state init
05:23:00.235477 [debug] [MainThread]: Postgres adapter: Got an error when attempting to open a postgres connection: 'connection to server at "localhost" (::1), port 5431 failed: FATAL:  the database system is starting up
'
05:23:00.235759 [debug] [MainThread]: Postgres adapter: Error running SQL: select 1 as id
05:23:00.235836 [debug] [MainThread]: Postgres adapter: Rolling back transaction.
05:23:00.235978 [debug] [MainThread]: On debug: No close available on handle
05:23:00.236320 [debug] [MainThread]: Sending event: {'category': 'dbt', 'action': 'invocation', 'label': 'end', 'context': [<snowplow_tracker.self_describing_json.SelfDescribingJson object at 0x108969640>, <snowplow_tracker.self_describing_json.SelfDescribingJson object at 0x10893e640>, <snowplow_tracker.self_describing_json.SelfDescribingJson object at 0x10893e760>]}
05:23:00.407274 [debug] [MainThread]: Connection 'debug' was properly closed.


============================== 2022-02-15 05:23:33.815818 | 6f9c080f-1bca-4cff-a0ef-b193fe1208b5 ==============================
05:23:33.815818 [info ] [MainThread]: Running with dbt=1.0.1
05:23:33.816162 [debug] [MainThread]: running dbt with arguments Namespace(record_timing_info=None, debug=None, log_format=None, write_json=None, use_colors=None, printer_width=None, warn_error=None, version_check=None, partial_parse=None, single_threaded=False, use_experimental_parser=None, static_parser=None, profiles_dir='/Users/alvin/.dbt', send_anonymous_usage_stats=None, fail_fast=None, event_buffer_size=None, project_dir=None, profile=None, target=None, vars='{}', log_cache_events=False, config_dir=False, defer=None, state=None, cls=<class 'dbt.task.debug.DebugTask'>, which='debug', rpc_method=None)
05:23:33.816268 [debug] [MainThread]: Tracking: tracking
05:23:33.826262 [debug] [MainThread]: Sending event: {'category': 'dbt', 'action': 'invocation', 'label': 'start', 'context': [<snowplow_tracker.self_describing_json.SelfDescribingJson object at 0x1083b3820>, <snowplow_tracker.self_describing_json.SelfDescribingJson object at 0x1083b36a0>, <snowplow_tracker.self_describing_json.SelfDescribingJson object at 0x1083b35e0>]}
05:23:33.863239 [debug] [MainThread]: Executing "git --help"
05:23:33.869160 [debug] [MainThread]: STDOUT: "b"usage: git [--version] [--help] [-C <path>] [-c <name>=<value>]\n           [--exec-path[=<path>]] [--html-path] [--man-path] [--info-path]\n           [-p | --paginate | -P | --no-pager] [--no-replace-objects] [--bare]\n           [--git-dir=<path>] [--work-tree=<path>] [--namespace=<name>]\n           [--super-prefix=<path>] [--config-env=<name>=<envvar>]\n           <command> [<args>]\n\nThese are common Git commands used in various situations:\n\nstart a working area (see also: git help tutorial)\n   clone     Clone a repository into a new directory\n   init      Create an empty Git repository or reinitialize an existing one\n\nwork on the current change (see also: git help everyday)\n   add       Add file contents to the index\n   mv        Move or rename a file, a directory, or a symlink\n   restore   Restore working tree files\n   rm        Remove files from the working tree and from the index\n\nexamine the history and state (see also: git help revisions)\n   bisect    Use binary search to find the commit that introduced a bug\n   diff      Show changes between commits, commit and working tree, etc\n   grep      Print lines matching a pattern\n   log       Show commit logs\n   show      Show various types of objects\n   status    Show the working tree status\n\ngrow, mark and tweak your common history\n   branch    List, create, or delete branches\n   commit    Record changes to the repository\n   merge     Join two or more development histories together\n   rebase    Reapply commits on top of another base tip\n   reset     Reset current HEAD to the specified state\n   switch    Switch branches\n   tag       Create, list, delete or verify a tag object signed with GPG\n\ncollaborate (see also: git help workflows)\n   fetch     Download objects and refs from another repository\n   pull      Fetch from and integrate with another repository or a local branch\n   push      Update remote refs along with associated objects\n\n'git help -a' and 'git help -g' list available subcommands and some\nconcept guides. See 'git help <command>' or 'git help <concept>'\nto read about a specific subcommand or concept.\nSee 'git help git' for an overview of the system.\n""
05:23:33.869569 [debug] [MainThread]: STDERR: "b''"
05:23:33.874124 [debug] [MainThread]: Acquiring new postgres connection "debug"
05:23:33.874711 [debug] [MainThread]: Using postgres connection "debug"
05:23:33.874814 [debug] [MainThread]: On debug: select 1 as id
05:23:33.874890 [debug] [MainThread]: Opening a new connection, currently in state init
05:23:33.912518 [debug] [MainThread]: Postgres adapter: Got an error when attempting to open a postgres connection: 'connection to server at "localhost" (::1), port 5432 failed: FATAL:  password authentication failed for user "root"
'
05:23:33.912932 [debug] [MainThread]: Postgres adapter: Error running SQL: select 1 as id
05:23:33.913012 [debug] [MainThread]: Postgres adapter: Rolling back transaction.
05:23:33.914154 [debug] [MainThread]: On debug: No close available on handle
05:23:33.914537 [debug] [MainThread]: Sending event: {'category': 'dbt', 'action': 'invocation', 'label': 'end', 'context': [<snowplow_tracker.self_describing_json.SelfDescribingJson object at 0x108627430>, <snowplow_tracker.self_describing_json.SelfDescribingJson object at 0x108627640>, <snowplow_tracker.self_describing_json.SelfDescribingJson object at 0x108627790>]}
05:23:34.129882 [debug] [MainThread]: Connection 'debug' was properly closed.


============================== 2022-02-15 05:23:43.275919 | ceaca286-a4d2-43cb-aec0-231e8822b8d1 ==============================
05:23:43.275919 [info ] [MainThread]: Running with dbt=1.0.1
05:23:43.276119 [debug] [MainThread]: running dbt with arguments Namespace(record_timing_info=None, debug=None, log_format=None, write_json=None, use_colors=None, printer_width=None, warn_error=None, version_check=None, partial_parse=None, single_threaded=False, use_experimental_parser=None, static_parser=None, profiles_dir='/Users/alvin/.dbt', send_anonymous_usage_stats=None, fail_fast=None, event_buffer_size=None, project_dir=None, profile=None, target=None, vars='{}', log_cache_events=False, config_dir=False, defer=None, state=None, cls=<class 'dbt.task.debug.DebugTask'>, which='debug', rpc_method=None)
05:23:43.276212 [debug] [MainThread]: Tracking: tracking
05:23:43.285818 [debug] [MainThread]: Sending event: {'category': 'dbt', 'action': 'invocation', 'label': 'start', 'context': [<snowplow_tracker.self_describing_json.SelfDescribingJson object at 0x103d115b0>, <snowplow_tracker.self_describing_json.SelfDescribingJson object at 0x103d11700>, <snowplow_tracker.self_describing_json.SelfDescribingJson object at 0x103d116d0>]}
05:23:43.318060 [debug] [MainThread]: Executing "git --help"
05:23:43.323754 [debug] [MainThread]: STDOUT: "b"usage: git [--version] [--help] [-C <path>] [-c <name>=<value>]\n           [--exec-path[=<path>]] [--html-path] [--man-path] [--info-path]\n           [-p | --paginate | -P | --no-pager] [--no-replace-objects] [--bare]\n           [--git-dir=<path>] [--work-tree=<path>] [--namespace=<name>]\n           [--super-prefix=<path>] [--config-env=<name>=<envvar>]\n           <command> [<args>]\n\nThese are common Git commands used in various situations:\n\nstart a working area (see also: git help tutorial)\n   clone     Clone a repository into a new directory\n   init      Create an empty Git repository or reinitialize an existing one\n\nwork on the current change (see also: git help everyday)\n   add       Add file contents to the index\n   mv        Move or rename a file, a directory, or a symlink\n   restore   Restore working tree files\n   rm        Remove files from the working tree and from the index\n\nexamine the history and state (see also: git help revisions)\n   bisect    Use binary search to find the commit that introduced a bug\n   diff      Show changes between commits, commit and working tree, etc\n   grep      Print lines matching a pattern\n   log       Show commit logs\n   show      Show various types of objects\n   status    Show the working tree status\n\ngrow, mark and tweak your common history\n   branch    List, create, or delete branches\n   commit    Record changes to the repository\n   merge     Join two or more development histories together\n   rebase    Reapply commits on top of another base tip\n   reset     Reset current HEAD to the specified state\n   switch    Switch branches\n   tag       Create, list, delete or verify a tag object signed with GPG\n\ncollaborate (see also: git help workflows)\n   fetch     Download objects and refs from another repository\n   pull      Fetch from and integrate with another repository or a local branch\n   push      Update remote refs along with associated objects\n\n'git help -a' and 'git help -g' list available subcommands and some\nconcept guides. See 'git help <command>' or 'git help <concept>'\nto read about a specific subcommand or concept.\nSee 'git help git' for an overview of the system.\n""
05:23:43.324146 [debug] [MainThread]: STDERR: "b''"
05:23:43.327211 [debug] [MainThread]: Acquiring new postgres connection "debug"
05:23:43.330029 [debug] [MainThread]: Using postgres connection "debug"
05:23:43.330144 [debug] [MainThread]: On debug: select 1 as id
05:23:43.330265 [debug] [MainThread]: Opening a new connection, currently in state init
05:23:43.337064 [debug] [MainThread]: Postgres adapter: Got an error when attempting to open a postgres connection: 'connection to server at "localhost" (::1), port 5431 failed: FATAL:  the database system is starting up
'
05:23:43.337317 [debug] [MainThread]: Postgres adapter: Error running SQL: select 1 as id
05:23:43.337387 [debug] [MainThread]: Postgres adapter: Rolling back transaction.
05:23:43.337484 [debug] [MainThread]: On debug: No close available on handle
05:23:43.337815 [debug] [MainThread]: Sending event: {'category': 'dbt', 'action': 'invocation', 'label': 'end', 'context': [<snowplow_tracker.self_describing_json.SelfDescribingJson object at 0x103f9a4f0>, <snowplow_tracker.self_describing_json.SelfDescribingJson object at 0x103f9a340>, <snowplow_tracker.self_describing_json.SelfDescribingJson object at 0x103f95f70>]}
05:23:43.481243 [debug] [MainThread]: Connection 'debug' was properly closed.


============================== 2022-02-15 06:03:17.932400 | df046108-b2ca-42dc-adc4-29de44254faa ==============================
06:03:17.932400 [info ] [MainThread]: Running with dbt=1.0.1
06:03:17.933509 [debug] [MainThread]: running dbt with arguments Namespace(record_timing_info=None, debug=None, log_format=None, write_json=None, use_colors=None, printer_width=None, warn_error=None, version_check=None, partial_parse=None, single_threaded=False, use_experimental_parser=None, static_parser=None, profiles_dir='/Users/alvin/.dbt', send_anonymous_usage_stats=None, fail_fast=None, event_buffer_size=None, project_dir=None, profile=None, target=None, vars='{}', log_cache_events=False, config_dir=False, defer=None, state=None, cls=<class 'dbt.task.debug.DebugTask'>, which='debug', rpc_method=None)
06:03:17.933618 [debug] [MainThread]: Tracking: tracking
06:03:17.941421 [debug] [MainThread]: Sending event: {'category': 'dbt', 'action': 'invocation', 'label': 'start', 'context': [<snowplow_tracker.self_describing_json.SelfDescribingJson object at 0x10428ac70>, <snowplow_tracker.self_describing_json.SelfDescribingJson object at 0x10428a640>, <snowplow_tracker.self_describing_json.SelfDescribingJson object at 0x10428a6a0>]}
06:03:17.966495 [debug] [MainThread]: Executing "git --help"
06:03:17.970300 [debug] [MainThread]: STDOUT: "b"usage: git [--version] [--help] [-C <path>] [-c <name>=<value>]\n           [--exec-path[=<path>]] [--html-path] [--man-path] [--info-path]\n           [-p | --paginate | -P | --no-pager] [--no-replace-objects] [--bare]\n           [--git-dir=<path>] [--work-tree=<path>] [--namespace=<name>]\n           [--super-prefix=<path>] [--config-env=<name>=<envvar>]\n           <command> [<args>]\n\nThese are common Git commands used in various situations:\n\nstart a working area (see also: git help tutorial)\n   clone     Clone a repository into a new directory\n   init      Create an empty Git repository or reinitialize an existing one\n\nwork on the current change (see also: git help everyday)\n   add       Add file contents to the index\n   mv        Move or rename a file, a directory, or a symlink\n   restore   Restore working tree files\n   rm        Remove files from the working tree and from the index\n\nexamine the history and state (see also: git help revisions)\n   bisect    Use binary search to find the commit that introduced a bug\n   diff      Show changes between commits, commit and working tree, etc\n   grep      Print lines matching a pattern\n   log       Show commit logs\n   show      Show various types of objects\n   status    Show the working tree status\n\ngrow, mark and tweak your common history\n   branch    List, create, or delete branches\n   commit    Record changes to the repository\n   merge     Join two or more development histories together\n   rebase    Reapply commits on top of another base tip\n   reset     Reset current HEAD to the specified state\n   switch    Switch branches\n   tag       Create, list, delete or verify a tag object signed with GPG\n\ncollaborate (see also: git help workflows)\n   fetch     Download objects and refs from another repository\n   pull      Fetch from and integrate with another repository or a local branch\n   push      Update remote refs along with associated objects\n\n'git help -a' and 'git help -g' list available subcommands and some\nconcept guides. See 'git help <command>' or 'git help <concept>'\nto read about a specific subcommand or concept.\nSee 'git help git' for an overview of the system.\n""
06:03:17.970656 [debug] [MainThread]: STDERR: "b''"
06:03:17.973469 [debug] [MainThread]: Acquiring new postgres connection "debug"
06:03:17.974321 [debug] [MainThread]: Using postgres connection "debug"
06:03:17.974434 [debug] [MainThread]: On debug: select 1 as id
06:03:17.974535 [debug] [MainThread]: Opening a new connection, currently in state init
06:03:18.026338 [debug] [MainThread]: SQL status: SELECT 1 in 0.05 seconds
06:03:18.027807 [debug] [MainThread]: On debug: Close
06:03:18.028060 [debug] [MainThread]: Sending event: {'category': 'dbt', 'action': 'invocation', 'label': 'end', 'context': [<snowplow_tracker.self_describing_json.SelfDescribingJson object at 0x104511cd0>, <snowplow_tracker.self_describing_json.SelfDescribingJson object at 0x104511250>, <snowplow_tracker.self_describing_json.SelfDescribingJson object at 0x104511eb0>]}
06:03:18.226536 [debug] [MainThread]: Connection 'debug' was properly closed.


============================== 2022-02-15 06:03:40.460180 | 624ca366-bfb1-4a6f-b349-15cf10b20cfd ==============================
06:03:40.460180 [info ] [MainThread]: Running with dbt=1.0.1
06:03:40.460375 [debug] [MainThread]: running dbt with arguments Namespace(record_timing_info=None, debug=None, log_format=None, write_json=None, use_colors=None, printer_width=None, warn_error=None, version_check=None, partial_parse=None, single_threaded=False, use_experimental_parser=None, static_parser=None, profiles_dir='/Users/alvin/.dbt', send_anonymous_usage_stats=None, fail_fast=None, event_buffer_size=None, project_dir=None, profile=None, target=None, vars='{}', log_cache_events=False, project_name=None, skip_profile_setup=False, defer=None, state=None, cls=<class 'dbt.task.init.InitTask'>, which='init', rpc_method=None)
06:03:40.460456 [debug] [MainThread]: Tracking: tracking
06:03:40.467663 [debug] [MainThread]: Sending event: {'category': 'dbt', 'action': 'invocation', 'label': 'start', 'context': [<snowplow_tracker.self_describing_json.SelfDescribingJson object at 0x1067c1130>, <snowplow_tracker.self_describing_json.SelfDescribingJson object at 0x1067c14f0>, <snowplow_tracker.self_describing_json.SelfDescribingJson object at 0x1067c1550>]}
06:03:46.061399 [debug] [MainThread]: Starter project path: /opt/homebrew/Cellar/dbt-postgres/1.0.1/libexec/lib/python3.9/site-packages/dbt/include/starter_project
06:03:49.672741 [info ] [MainThread]: 
Your new dbt project "taxi_rides_ny" was created!

For more information on how to configure the profiles.yml file,
please consult the dbt documentation here:

  https://docs.getdbt.com/docs/configure-your-profile

One more thing:

Need help? Don't hesitate to reach out to us via GitHub issues or on Slack:

  https://community.getdbt.com/

Happy modeling!

06:03:49.673089 [debug] [MainThread]: Sending event: {'category': 'dbt', 'action': 'invocation', 'label': 'end', 'context': [<snowplow_tracker.self_describing_json.SelfDescribingJson object at 0x10679e3d0>, <snowplow_tracker.self_describing_json.SelfDescribingJson object at 0x10679e8e0>, <snowplow_tracker.self_describing_json.SelfDescribingJson object at 0x10679e4c0>]}


============================== 2022-02-15 06:04:06.478267 | 7045b20f-360d-4051-99b0-55ce968157b2 ==============================
06:04:06.478267 [info ] [MainThread]: Running with dbt=1.0.1
06:04:06.478454 [debug] [MainThread]: running dbt with arguments Namespace(record_timing_info=None, debug=None, log_format=None, write_json=None, use_colors=None, printer_width=None, warn_error=None, version_check=None, partial_parse=None, single_threaded=False, use_experimental_parser=None, static_parser=None, profiles_dir='/Users/alvin/.dbt', send_anonymous_usage_stats=None, fail_fast=None, event_buffer_size=None, project_dir=None, profile=None, target=None, vars='{}', log_cache_events=False, config_dir=False, defer=None, state=None, cls=<class 'dbt.task.debug.DebugTask'>, which='debug', rpc_method=None)
06:04:06.478550 [debug] [MainThread]: Tracking: tracking
06:04:06.486528 [debug] [MainThread]: Sending event: {'category': 'dbt', 'action': 'invocation', 'label': 'start', 'context': [<snowplow_tracker.self_describing_json.SelfDescribingJson object at 0x10673fdf0>, <snowplow_tracker.self_describing_json.SelfDescribingJson object at 0x1066e5820>, <snowplow_tracker.self_describing_json.SelfDescribingJson object at 0x1066e5610>]}
06:04:06.517065 [debug] [MainThread]: Executing "git --help"
06:04:06.521045 [debug] [MainThread]: STDOUT: "b"usage: git [--version] [--help] [-C <path>] [-c <name>=<value>]\n           [--exec-path[=<path>]] [--html-path] [--man-path] [--info-path]\n           [-p | --paginate | -P | --no-pager] [--no-replace-objects] [--bare]\n           [--git-dir=<path>] [--work-tree=<path>] [--namespace=<name>]\n           [--super-prefix=<path>] [--config-env=<name>=<envvar>]\n           <command> [<args>]\n\nThese are common Git commands used in various situations:\n\nstart a working area (see also: git help tutorial)\n   clone     Clone a repository into a new directory\n   init      Create an empty Git repository or reinitialize an existing one\n\nwork on the current change (see also: git help everyday)\n   add       Add file contents to the index\n   mv        Move or rename a file, a directory, or a symlink\n   restore   Restore working tree files\n   rm        Remove files from the working tree and from the index\n\nexamine the history and state (see also: git help revisions)\n   bisect    Use binary search to find the commit that introduced a bug\n   diff      Show changes between commits, commit and working tree, etc\n   grep      Print lines matching a pattern\n   log       Show commit logs\n   show      Show various types of objects\n   status    Show the working tree status\n\ngrow, mark and tweak your common history\n   branch    List, create, or delete branches\n   commit    Record changes to the repository\n   merge     Join two or more development histories together\n   rebase    Reapply commits on top of another base tip\n   reset     Reset current HEAD to the specified state\n   switch    Switch branches\n   tag       Create, list, delete or verify a tag object signed with GPG\n\ncollaborate (see also: git help workflows)\n   fetch     Download objects and refs from another repository\n   pull      Fetch from and integrate with another repository or a local branch\n   push      Update remote refs along with associated objects\n\n'git help -a' and 'git help -g' list available subcommands and some\nconcept guides. See 'git help <command>' or 'git help <concept>'\nto read about a specific subcommand or concept.\nSee 'git help git' for an overview of the system.\n""
06:04:06.521377 [debug] [MainThread]: STDERR: "b''"
06:04:06.521782 [debug] [MainThread]: Sending event: {'category': 'dbt', 'action': 'invocation', 'label': 'end', 'context': [<snowplow_tracker.self_describing_json.SelfDescribingJson object at 0x1069b3f40>, <snowplow_tracker.self_describing_json.SelfDescribingJson object at 0x1069c6430>, <snowplow_tracker.self_describing_json.SelfDescribingJson object at 0x1069c68e0>]}


============================== 2022-02-15 06:07:21.335136 | 0ad75643-b675-4a5c-9d53-37c1f070bc9c ==============================
06:07:21.335136 [info ] [MainThread]: Running with dbt=1.0.1
06:07:21.335328 [debug] [MainThread]: running dbt with arguments Namespace(record_timing_info=None, debug=None, log_format=None, write_json=None, use_colors=None, printer_width=None, warn_error=None, version_check=None, partial_parse=None, single_threaded=False, use_experimental_parser=None, static_parser=None, profiles_dir='/Users/alvin/.dbt', send_anonymous_usage_stats=None, fail_fast=None, event_buffer_size=None, project_dir=None, profile=None, target=None, vars='{}', log_cache_events=False, config_dir=False, defer=None, state=None, cls=<class 'dbt.task.debug.DebugTask'>, which='debug', rpc_method=None)
06:07:21.335409 [debug] [MainThread]: Tracking: tracking
06:07:21.342879 [debug] [MainThread]: Sending event: {'category': 'dbt', 'action': 'invocation', 'label': 'start', 'context': [<snowplow_tracker.self_describing_json.SelfDescribingJson object at 0x10430a970>, <snowplow_tracker.self_describing_json.SelfDescribingJson object at 0x10431a520>, <snowplow_tracker.self_describing_json.SelfDescribingJson object at 0x10431a190>]}
06:07:21.372773 [debug] [MainThread]: Executing "git --help"
06:07:21.377169 [debug] [MainThread]: STDOUT: "b"usage: git [--version] [--help] [-C <path>] [-c <name>=<value>]\n           [--exec-path[=<path>]] [--html-path] [--man-path] [--info-path]\n           [-p | --paginate | -P | --no-pager] [--no-replace-objects] [--bare]\n           [--git-dir=<path>] [--work-tree=<path>] [--namespace=<name>]\n           [--super-prefix=<path>] [--config-env=<name>=<envvar>]\n           <command> [<args>]\n\nThese are common Git commands used in various situations:\n\nstart a working area (see also: git help tutorial)\n   clone     Clone a repository into a new directory\n   init      Create an empty Git repository or reinitialize an existing one\n\nwork on the current change (see also: git help everyday)\n   add       Add file contents to the index\n   mv        Move or rename a file, a directory, or a symlink\n   restore   Restore working tree files\n   rm        Remove files from the working tree and from the index\n\nexamine the history and state (see also: git help revisions)\n   bisect    Use binary search to find the commit that introduced a bug\n   diff      Show changes between commits, commit and working tree, etc\n   grep      Print lines matching a pattern\n   log       Show commit logs\n   show      Show various types of objects\n   status    Show the working tree status\n\ngrow, mark and tweak your common history\n   branch    List, create, or delete branches\n   commit    Record changes to the repository\n   merge     Join two or more development histories together\n   rebase    Reapply commits on top of another base tip\n   reset     Reset current HEAD to the specified state\n   switch    Switch branches\n   tag       Create, list, delete or verify a tag object signed with GPG\n\ncollaborate (see also: git help workflows)\n   fetch     Download objects and refs from another repository\n   pull      Fetch from and integrate with another repository or a local branch\n   push      Update remote refs along with associated objects\n\n'git help -a' and 'git help -g' list available subcommands and some\nconcept guides. See 'git help <command>' or 'git help <concept>'\nto read about a specific subcommand or concept.\nSee 'git help git' for an overview of the system.\n""
06:07:21.377471 [debug] [MainThread]: STDERR: "b''"
06:07:21.377833 [debug] [MainThread]: Sending event: {'category': 'dbt', 'action': 'invocation', 'label': 'end', 'context': [<snowplow_tracker.self_describing_json.SelfDescribingJson object at 0x1045b4a00>, <snowplow_tracker.self_describing_json.SelfDescribingJson object at 0x1045c12b0>, <snowplow_tracker.self_describing_json.SelfDescribingJson object at 0x1045c1c40>]}


============================== 2022-02-15 06:08:11.891088 | 14bfbc12-0e59-46b0-acc2-805378008ae6 ==============================
06:08:11.891088 [info ] [MainThread]: Running with dbt=1.0.1
06:08:11.891282 [debug] [MainThread]: running dbt with arguments Namespace(record_timing_info=None, debug=None, log_format=None, write_json=None, use_colors=None, printer_width=None, warn_error=None, version_check=None, partial_parse=None, single_threaded=False, use_experimental_parser=None, static_parser=None, profiles_dir='/Users/alvin/.dbt', send_anonymous_usage_stats=None, fail_fast=None, event_buffer_size=None, project_dir=None, profile=None, target=None, vars='{}', log_cache_events=False, config_dir=False, defer=None, state=None, cls=<class 'dbt.task.debug.DebugTask'>, which='debug', rpc_method=None)
06:08:11.891364 [debug] [MainThread]: Tracking: tracking
06:08:11.899696 [debug] [MainThread]: Sending event: {'category': 'dbt', 'action': 'invocation', 'label': 'start', 'context': [<snowplow_tracker.self_describing_json.SelfDescribingJson object at 0x1041defa0>, <snowplow_tracker.self_describing_json.SelfDescribingJson object at 0x1041de1f0>, <snowplow_tracker.self_describing_json.SelfDescribingJson object at 0x1041de040>]}
06:08:11.937561 [debug] [MainThread]: Executing "git --help"
06:08:11.941675 [debug] [MainThread]: STDOUT: "b"usage: git [--version] [--help] [-C <path>] [-c <name>=<value>]\n           [--exec-path[=<path>]] [--html-path] [--man-path] [--info-path]\n           [-p | --paginate | -P | --no-pager] [--no-replace-objects] [--bare]\n           [--git-dir=<path>] [--work-tree=<path>] [--namespace=<name>]\n           [--super-prefix=<path>] [--config-env=<name>=<envvar>]\n           <command> [<args>]\n\nThese are common Git commands used in various situations:\n\nstart a working area (see also: git help tutorial)\n   clone     Clone a repository into a new directory\n   init      Create an empty Git repository or reinitialize an existing one\n\nwork on the current change (see also: git help everyday)\n   add       Add file contents to the index\n   mv        Move or rename a file, a directory, or a symlink\n   restore   Restore working tree files\n   rm        Remove files from the working tree and from the index\n\nexamine the history and state (see also: git help revisions)\n   bisect    Use binary search to find the commit that introduced a bug\n   diff      Show changes between commits, commit and working tree, etc\n   grep      Print lines matching a pattern\n   log       Show commit logs\n   show      Show various types of objects\n   status    Show the working tree status\n\ngrow, mark and tweak your common history\n   branch    List, create, or delete branches\n   commit    Record changes to the repository\n   merge     Join two or more development histories together\n   rebase    Reapply commits on top of another base tip\n   reset     Reset current HEAD to the specified state\n   switch    Switch branches\n   tag       Create, list, delete or verify a tag object signed with GPG\n\ncollaborate (see also: git help workflows)\n   fetch     Download objects and refs from another repository\n   pull      Fetch from and integrate with another repository or a local branch\n   push      Update remote refs along with associated objects\n\n'git help -a' and 'git help -g' list available subcommands and some\nconcept guides. See 'git help <command>' or 'git help <concept>'\nto read about a specific subcommand or concept.\nSee 'git help git' for an overview of the system.\n""
06:08:11.942021 [debug] [MainThread]: STDERR: "b''"
06:08:11.944480 [debug] [MainThread]: Acquiring new postgres connection "debug"
06:08:11.945027 [debug] [MainThread]: Using postgres connection "debug"
06:08:11.945117 [debug] [MainThread]: On debug: select 1 as id
06:08:11.945187 [debug] [MainThread]: Opening a new connection, currently in state init
06:08:11.992845 [debug] [MainThread]: SQL status: SELECT 1 in 0.05 seconds
06:08:11.993960 [debug] [MainThread]: On debug: Close
06:08:11.994221 [debug] [MainThread]: Sending event: {'category': 'dbt', 'action': 'invocation', 'label': 'end', 'context': [<snowplow_tracker.self_describing_json.SelfDescribingJson object at 0x104488f40>, <snowplow_tracker.self_describing_json.SelfDescribingJson object at 0x1045741c0>, <snowplow_tracker.self_describing_json.SelfDescribingJson object at 0x1045747c0>]}
06:08:12.143825 [debug] [MainThread]: Connection 'debug' was properly closed.
