[2022-01-28 03:03:21,919] {taskinstance.py:1032} INFO - Dependencies all met for <TaskInstance: data_ingestion_gcs_dag.format_to_parquet_task manual__2022-01-28T02:57:14.517122+00:00 [queued]>
[2022-01-28 03:03:21,970] {taskinstance.py:1032} INFO - Dependencies all met for <TaskInstance: data_ingestion_gcs_dag.format_to_parquet_task manual__2022-01-28T02:57:14.517122+00:00 [queued]>
[2022-01-28 03:03:21,972] {taskinstance.py:1238} INFO - 
--------------------------------------------------------------------------------
[2022-01-28 03:03:21,973] {taskinstance.py:1239} INFO - Starting attempt 1 of 2
[2022-01-28 03:03:21,975] {taskinstance.py:1240} INFO - 
--------------------------------------------------------------------------------
[2022-01-28 03:03:22,024] {taskinstance.py:1259} INFO - Executing <Task(PythonOperator): format_to_parquet_task> on 2022-01-28 02:57:14.517122+00:00
[2022-01-28 03:03:22,033] {standard_task_runner.py:52} INFO - Started process 2337 to run task
[2022-01-28 03:03:22,048] {standard_task_runner.py:76} INFO - Running: ['***', 'tasks', 'run', 'data_ingestion_gcs_dag', 'format_to_parquet_task', 'manual__2022-01-28T02:57:14.517122+00:00', '--job-id', '10', '--raw', '--subdir', 'DAGS_FOLDER/data_ingestion_gcs_dag.py', '--cfg-path', '/tmp/tmpj38kspaf', '--error-file', '/tmp/tmp4ky88ezd']
[2022-01-28 03:03:22,053] {standard_task_runner.py:77} INFO - Job 10: Subtask format_to_parquet_task
[2022-01-28 03:03:22,223] {logging_mixin.py:109} INFO - Running <TaskInstance: data_ingestion_gcs_dag.format_to_parquet_task manual__2022-01-28T02:57:14.517122+00:00 [running]> on host 3b753a810b2a
[2022-01-28 03:03:22,537] {taskinstance.py:1426} INFO - Exporting the following env vars:
AIRFLOW_CTX_DAG_OWNER=***
AIRFLOW_CTX_DAG_ID=data_ingestion_gcs_dag
AIRFLOW_CTX_TASK_ID=format_to_parquet_task
AIRFLOW_CTX_EXECUTION_DATE=2022-01-28T02:57:14.517122+00:00
AIRFLOW_CTX_DAG_RUN_ID=manual__2022-01-28T02:57:14.517122+00:00
[2022-01-28 03:03:29,629] {python.py:175} INFO - Done. Returned value was: None
[2022-01-28 03:03:29,664] {taskinstance.py:1277} INFO - Marking task as SUCCESS. dag_id=data_ingestion_gcs_dag, task_id=format_to_parquet_task, execution_date=20220128T025714, start_date=20220128T030321, end_date=20220128T030329
[2022-01-28 03:03:29,803] {local_task_job.py:154} INFO - Task exited with return code 0
[2022-01-28 03:03:29,982] {local_task_job.py:264} INFO - 1 downstream tasks scheduled from follow-on schedule check
