[2022-02-14 03:25:11,428] {taskinstance.py:1032} INFO - Dependencies all met for <TaskInstance: gcs_to_gcs_dag.move_fhv_files_gcs_task scheduled__2019-01-01T00:00:00+00:00 [queued]>
[2022-02-14 03:25:11,467] {taskinstance.py:1032} INFO - Dependencies all met for <TaskInstance: gcs_to_gcs_dag.move_fhv_files_gcs_task scheduled__2019-01-01T00:00:00+00:00 [queued]>
[2022-02-14 03:25:11,468] {taskinstance.py:1238} INFO - 
--------------------------------------------------------------------------------
[2022-02-14 03:25:11,469] {taskinstance.py:1239} INFO - Starting attempt 1 of 1
[2022-02-14 03:25:11,470] {taskinstance.py:1240} INFO - 
--------------------------------------------------------------------------------
[2022-02-14 03:25:11,514] {taskinstance.py:1259} INFO - Executing <Task(GCSToGCSOperator): move_fhv_files_gcs_task> on 2019-01-01 00:00:00+00:00
[2022-02-14 03:25:11,519] {standard_task_runner.py:52} INFO - Started process 613 to run task
[2022-02-14 03:25:11,526] {standard_task_runner.py:76} INFO - Running: ['***', 'tasks', 'run', 'gcs_to_gcs_dag', 'move_fhv_files_gcs_task', 'scheduled__2019-01-01T00:00:00+00:00', '--job-id', '5', '--raw', '--subdir', 'DAGS_FOLDER/gcs_to_gcs_dag.py', '--cfg-path', '/tmp/tmpbkpfnot2', '--error-file', '/tmp/tmpa8jwjqrn']
[2022-02-14 03:25:11,529] {standard_task_runner.py:77} INFO - Job 5: Subtask move_fhv_files_gcs_task
[2022-02-14 03:25:11,871] {logging_mixin.py:109} INFO - Running <TaskInstance: gcs_to_gcs_dag.move_fhv_files_gcs_task scheduled__2019-01-01T00:00:00+00:00 [running]> on host a1acede301ac
[2022-02-14 03:25:12,342] {taskinstance.py:1426} INFO - Exporting the following env vars:
AIRFLOW_CTX_DAG_OWNER=***
AIRFLOW_CTX_DAG_ID=gcs_to_gcs_dag
AIRFLOW_CTX_TASK_ID=move_fhv_files_gcs_task
AIRFLOW_CTX_EXECUTION_DATE=2019-01-01T00:00:00+00:00
AIRFLOW_CTX_DAG_RUN_ID=scheduled__2019-01-01T00:00:00+00:00
[2022-02-14 03:25:12,347] {crypto.py:82} WARNING - empty cryptography key - values will not be stored encrypted.
[2022-02-14 03:25:12,349] {gcs_to_gcs.py:346} INFO - Delimiter ignored because wildcard is in prefix
[2022-02-14 03:25:12,853] {gcs_to_gcs.py:431} INFO - Executing copy of gs://dtc_data_lake_sage-now-339201/raw/fhv_2019-01.parquet to gs://dtc_data_lake_sage-now-339201/fhv/{ execution_date.strftime('%Y') }/_2019-01.parquet
[2022-02-14 03:25:13,103] {gcs.py:251} INFO - Total Bytes: 238946643 | Bytes Written: 238946643
[2022-02-14 03:25:13,104] {gcs.py:264} INFO - Object raw/fhv_2019-01.parquet in bucket dtc_data_lake_sage-now-339201 rewritten to object fhv/{ execution_date.strftime('%Y') }/_2019-01.parquet in bucket dtc_data_lake_sage-now-339201
[2022-02-14 03:25:13,106] {gcs_to_gcs.py:431} INFO - Executing copy of gs://dtc_data_lake_sage-now-339201/raw/fhv_2019-02.parquet to gs://dtc_data_lake_sage-now-339201/fhv/{ execution_date.strftime('%Y') }/_2019-02.parquet
[2022-02-14 03:25:13,242] {gcs.py:251} INFO - Total Bytes: 16959886 | Bytes Written: 16959886
[2022-02-14 03:25:13,243] {gcs.py:264} INFO - Object raw/fhv_2019-02.parquet in bucket dtc_data_lake_sage-now-339201 rewritten to object fhv/{ execution_date.strftime('%Y') }/_2019-02.parquet in bucket dtc_data_lake_sage-now-339201
[2022-02-14 03:25:13,245] {gcs_to_gcs.py:431} INFO - Executing copy of gs://dtc_data_lake_sage-now-339201/raw/fhv_2019-03.parquet to gs://dtc_data_lake_sage-now-339201/fhv/{ execution_date.strftime('%Y') }/_2019-03.parquet
[2022-02-14 03:25:13,387] {gcs.py:251} INFO - Total Bytes: 13349597 | Bytes Written: 13349597
[2022-02-14 03:25:13,388] {gcs.py:264} INFO - Object raw/fhv_2019-03.parquet in bucket dtc_data_lake_sage-now-339201 rewritten to object fhv/{ execution_date.strftime('%Y') }/_2019-03.parquet in bucket dtc_data_lake_sage-now-339201
[2022-02-14 03:25:13,390] {gcs_to_gcs.py:431} INFO - Executing copy of gs://dtc_data_lake_sage-now-339201/raw/fhv_2019-04.parquet to gs://dtc_data_lake_sage-now-339201/fhv/{ execution_date.strftime('%Y') }/_2019-04.parquet
[2022-02-14 03:25:13,514] {gcs.py:251} INFO - Total Bytes: 18528510 | Bytes Written: 18528510
[2022-02-14 03:25:13,516] {gcs.py:264} INFO - Object raw/fhv_2019-04.parquet in bucket dtc_data_lake_sage-now-339201 rewritten to object fhv/{ execution_date.strftime('%Y') }/_2019-04.parquet in bucket dtc_data_lake_sage-now-339201
[2022-02-14 03:25:13,519] {gcs_to_gcs.py:431} INFO - Executing copy of gs://dtc_data_lake_sage-now-339201/raw/fhv_2019-05.parquet to gs://dtc_data_lake_sage-now-339201/fhv/{ execution_date.strftime('%Y') }/_2019-05.parquet
[2022-02-14 03:25:13,663] {gcs.py:251} INFO - Total Bytes: 19769506 | Bytes Written: 19769506
[2022-02-14 03:25:13,665] {gcs.py:264} INFO - Object raw/fhv_2019-05.parquet in bucket dtc_data_lake_sage-now-339201 rewritten to object fhv/{ execution_date.strftime('%Y') }/_2019-05.parquet in bucket dtc_data_lake_sage-now-339201
[2022-02-14 03:25:13,666] {gcs_to_gcs.py:431} INFO - Executing copy of gs://dtc_data_lake_sage-now-339201/raw/fhv_2019-06.parquet to gs://dtc_data_lake_sage-now-339201/fhv/{ execution_date.strftime('%Y') }/_2019-06.parquet
[2022-02-14 03:25:13,793] {gcs.py:251} INFO - Total Bytes: 19197203 | Bytes Written: 19197203
[2022-02-14 03:25:13,795] {gcs.py:264} INFO - Object raw/fhv_2019-06.parquet in bucket dtc_data_lake_sage-now-339201 rewritten to object fhv/{ execution_date.strftime('%Y') }/_2019-06.parquet in bucket dtc_data_lake_sage-now-339201
[2022-02-14 03:25:13,796] {gcs_to_gcs.py:431} INFO - Executing copy of gs://dtc_data_lake_sage-now-339201/raw/fhv_2019-07.parquet to gs://dtc_data_lake_sage-now-339201/fhv/{ execution_date.strftime('%Y') }/_2019-07.parquet
[2022-02-14 03:25:13,939] {gcs.py:251} INFO - Total Bytes: 18730038 | Bytes Written: 18730038
[2022-02-14 03:25:13,941] {gcs.py:264} INFO - Object raw/fhv_2019-07.parquet in bucket dtc_data_lake_sage-now-339201 rewritten to object fhv/{ execution_date.strftime('%Y') }/_2019-07.parquet in bucket dtc_data_lake_sage-now-339201
[2022-02-14 03:25:13,943] {gcs_to_gcs.py:431} INFO - Executing copy of gs://dtc_data_lake_sage-now-339201/raw/fhv_2019-08.parquet to gs://dtc_data_lake_sage-now-339201/fhv/{ execution_date.strftime('%Y') }/_2019-08.parquet
[2022-02-14 03:25:14,093] {gcs.py:251} INFO - Total Bytes: 18445219 | Bytes Written: 18445219
[2022-02-14 03:25:14,095] {gcs.py:264} INFO - Object raw/fhv_2019-08.parquet in bucket dtc_data_lake_sage-now-339201 rewritten to object fhv/{ execution_date.strftime('%Y') }/_2019-08.parquet in bucket dtc_data_lake_sage-now-339201
[2022-02-14 03:25:14,096] {gcs_to_gcs.py:431} INFO - Executing copy of gs://dtc_data_lake_sage-now-339201/raw/fhv_2019-09.parquet to gs://dtc_data_lake_sage-now-339201/fhv/{ execution_date.strftime('%Y') }/_2019-09.parquet
[2022-02-14 03:25:14,261] {gcs.py:251} INFO - Total Bytes: 11159146 | Bytes Written: 11159146
[2022-02-14 03:25:14,264] {gcs.py:264} INFO - Object raw/fhv_2019-09.parquet in bucket dtc_data_lake_sage-now-339201 rewritten to object fhv/{ execution_date.strftime('%Y') }/_2019-09.parquet in bucket dtc_data_lake_sage-now-339201
[2022-02-14 03:25:14,267] {gcs_to_gcs.py:431} INFO - Executing copy of gs://dtc_data_lake_sage-now-339201/raw/fhv_2019-10.parquet to gs://dtc_data_lake_sage-now-339201/fhv/{ execution_date.strftime('%Y') }/_2019-10.parquet
[2022-02-14 03:25:14,413] {gcs.py:251} INFO - Total Bytes: 19225185 | Bytes Written: 19225185
[2022-02-14 03:25:14,414] {gcs.py:264} INFO - Object raw/fhv_2019-10.parquet in bucket dtc_data_lake_sage-now-339201 rewritten to object fhv/{ execution_date.strftime('%Y') }/_2019-10.parquet in bucket dtc_data_lake_sage-now-339201
[2022-02-14 03:25:14,415] {gcs_to_gcs.py:431} INFO - Executing copy of gs://dtc_data_lake_sage-now-339201/raw/fhv_2019-11.parquet to gs://dtc_data_lake_sage-now-339201/fhv/{ execution_date.strftime('%Y') }/_2019-11.parquet
[2022-02-14 03:25:14,576] {gcs.py:251} INFO - Total Bytes: 17473492 | Bytes Written: 17473492
[2022-02-14 03:25:14,578] {gcs.py:264} INFO - Object raw/fhv_2019-11.parquet in bucket dtc_data_lake_sage-now-339201 rewritten to object fhv/{ execution_date.strftime('%Y') }/_2019-11.parquet in bucket dtc_data_lake_sage-now-339201
[2022-02-14 03:25:14,580] {gcs_to_gcs.py:431} INFO - Executing copy of gs://dtc_data_lake_sage-now-339201/raw/fhv_2019-12.parquet to gs://dtc_data_lake_sage-now-339201/fhv/{ execution_date.strftime('%Y') }/_2019-12.parquet
[2022-02-14 03:25:14,710] {gcs.py:251} INFO - Total Bytes: 18961269 | Bytes Written: 18961269
[2022-02-14 03:25:14,712] {gcs.py:264} INFO - Object raw/fhv_2019-12.parquet in bucket dtc_data_lake_sage-now-339201 rewritten to object fhv/{ execution_date.strftime('%Y') }/_2019-12.parquet in bucket dtc_data_lake_sage-now-339201
[2022-02-14 03:25:14,813] {taskinstance.py:1277} INFO - Marking task as SUCCESS. dag_id=gcs_to_gcs_dag, task_id=move_fhv_files_gcs_task, execution_date=20190101T000000, start_date=20220214T032511, end_date=20220214T032514
[2022-02-14 03:25:14,896] {local_task_job.py:154} INFO - Task exited with return code 0
[2022-02-14 03:25:15,098] {local_task_job.py:264} INFO - 0 downstream tasks scheduled from follow-on schedule check
[2022-02-14 04:03:47,164] {taskinstance.py:1032} INFO - Dependencies all met for <TaskInstance: gcs_to_gcs_dag.move_fhv_files_gcs_task scheduled__2019-01-01T00:00:00+00:00 [queued]>
[2022-02-14 04:03:47,211] {taskinstance.py:1032} INFO - Dependencies all met for <TaskInstance: gcs_to_gcs_dag.move_fhv_files_gcs_task scheduled__2019-01-01T00:00:00+00:00 [queued]>
[2022-02-14 04:03:47,212] {taskinstance.py:1238} INFO - 
--------------------------------------------------------------------------------
[2022-02-14 04:03:47,214] {taskinstance.py:1239} INFO - Starting attempt 1 of 1
[2022-02-14 04:03:47,215] {taskinstance.py:1240} INFO - 
--------------------------------------------------------------------------------
[2022-02-14 04:03:47,272] {taskinstance.py:1259} INFO - Executing <Task(GCSToGCSOperator): move_fhv_files_gcs_task> on 2019-01-01 00:00:00+00:00
[2022-02-14 04:03:47,279] {standard_task_runner.py:52} INFO - Started process 3196 to run task
[2022-02-14 04:03:47,294] {standard_task_runner.py:76} INFO - Running: ['***', 'tasks', 'run', 'gcs_to_gcs_dag', 'move_fhv_files_gcs_task', 'scheduled__2019-01-01T00:00:00+00:00', '--job-id', '9', '--raw', '--subdir', 'DAGS_FOLDER/gcs_to_gcs_dag.py', '--cfg-path', '/tmp/tmpbmxqzi38', '--error-file', '/tmp/tmpa2t61dfu']
[2022-02-14 04:03:47,296] {standard_task_runner.py:77} INFO - Job 9: Subtask move_fhv_files_gcs_task
[2022-02-14 04:03:47,634] {logging_mixin.py:109} INFO - Running <TaskInstance: gcs_to_gcs_dag.move_fhv_files_gcs_task scheduled__2019-01-01T00:00:00+00:00 [running]> on host a1acede301ac
[2022-02-14 04:03:47,855] {logging_mixin.py:109} WARNING - /home/***/.local/lib/python3.7/site-packages/***/utils/context.py:152 AirflowContextDeprecationWarning: Accessing 'execution_date' from the template is deprecated and will be removed in a future version. Please use 'data_interval_start' or 'logical_date' instead.
[2022-02-14 04:03:48,078] {taskinstance.py:1426} INFO - Exporting the following env vars:
AIRFLOW_CTX_DAG_OWNER=***
AIRFLOW_CTX_DAG_ID=gcs_to_gcs_dag
AIRFLOW_CTX_TASK_ID=move_fhv_files_gcs_task
AIRFLOW_CTX_EXECUTION_DATE=2019-01-01T00:00:00+00:00
AIRFLOW_CTX_DAG_RUN_ID=scheduled__2019-01-01T00:00:00+00:00
[2022-02-14 04:03:48,088] {crypto.py:82} WARNING - empty cryptography key - values will not be stored encrypted.
[2022-02-14 04:03:48,091] {gcs_to_gcs.py:346} INFO - Delimiter ignored because wildcard is in prefix
[2022-02-14 04:03:48,726] {gcs_to_gcs.py:431} INFO - Executing copy of gs://dtc_data_lake_sage-now-339201/raw/fhv_2019-01.parquet to gs://dtc_data_lake_sage-now-339201/fhv/2019/_2019-01.parquet
[2022-02-14 04:03:49,075] {gcs.py:251} INFO - Total Bytes: 238946643 | Bytes Written: 238946643
[2022-02-14 04:03:49,077] {gcs.py:264} INFO - Object raw/fhv_2019-01.parquet in bucket dtc_data_lake_sage-now-339201 rewritten to object fhv/2019/_2019-01.parquet in bucket dtc_data_lake_sage-now-339201
[2022-02-14 04:03:49,079] {gcs_to_gcs.py:431} INFO - Executing copy of gs://dtc_data_lake_sage-now-339201/raw/fhv_2019-02.parquet to gs://dtc_data_lake_sage-now-339201/fhv/2019/_2019-02.parquet
[2022-02-14 04:03:49,223] {gcs.py:251} INFO - Total Bytes: 16959886 | Bytes Written: 16959886
[2022-02-14 04:03:49,227] {gcs.py:264} INFO - Object raw/fhv_2019-02.parquet in bucket dtc_data_lake_sage-now-339201 rewritten to object fhv/2019/_2019-02.parquet in bucket dtc_data_lake_sage-now-339201
[2022-02-14 04:03:49,231] {gcs_to_gcs.py:431} INFO - Executing copy of gs://dtc_data_lake_sage-now-339201/raw/fhv_2019-11.parquet to gs://dtc_data_lake_sage-now-339201/fhv/2019/_2019-11.parquet
[2022-02-14 04:03:49,384] {gcs.py:251} INFO - Total Bytes: 17473492 | Bytes Written: 17473492
[2022-02-14 04:03:49,385] {gcs.py:264} INFO - Object raw/fhv_2019-11.parquet in bucket dtc_data_lake_sage-now-339201 rewritten to object fhv/2019/_2019-11.parquet in bucket dtc_data_lake_sage-now-339201
[2022-02-14 04:03:49,387] {gcs_to_gcs.py:431} INFO - Executing copy of gs://dtc_data_lake_sage-now-339201/raw/fhv_2019-03.parquet to gs://dtc_data_lake_sage-now-339201/fhv/2019/_2019-03.parquet
[2022-02-14 04:03:49,516] {gcs.py:251} INFO - Total Bytes: 13349597 | Bytes Written: 13349597
[2022-02-14 04:03:49,517] {gcs.py:264} INFO - Object raw/fhv_2019-03.parquet in bucket dtc_data_lake_sage-now-339201 rewritten to object fhv/2019/_2019-03.parquet in bucket dtc_data_lake_sage-now-339201
[2022-02-14 04:03:49,519] {gcs_to_gcs.py:431} INFO - Executing copy of gs://dtc_data_lake_sage-now-339201/raw/fhv_2019-08.parquet to gs://dtc_data_lake_sage-now-339201/fhv/2019/_2019-08.parquet
[2022-02-14 04:03:49,665] {gcs.py:251} INFO - Total Bytes: 18445219 | Bytes Written: 18445219
[2022-02-14 04:03:49,667] {gcs.py:264} INFO - Object raw/fhv_2019-08.parquet in bucket dtc_data_lake_sage-now-339201 rewritten to object fhv/2019/_2019-08.parquet in bucket dtc_data_lake_sage-now-339201
[2022-02-14 04:03:49,668] {gcs_to_gcs.py:431} INFO - Executing copy of gs://dtc_data_lake_sage-now-339201/raw/fhv_2019-12.parquet to gs://dtc_data_lake_sage-now-339201/fhv/2019/_2019-12.parquet
[2022-02-14 04:03:49,800] {gcs.py:251} INFO - Total Bytes: 18961269 | Bytes Written: 18961269
[2022-02-14 04:03:49,803] {gcs.py:264} INFO - Object raw/fhv_2019-12.parquet in bucket dtc_data_lake_sage-now-339201 rewritten to object fhv/2019/_2019-12.parquet in bucket dtc_data_lake_sage-now-339201
[2022-02-14 04:03:49,805] {gcs_to_gcs.py:431} INFO - Executing copy of gs://dtc_data_lake_sage-now-339201/raw/fhv_2019-06.parquet to gs://dtc_data_lake_sage-now-339201/fhv/2019/_2019-06.parquet
[2022-02-14 04:03:49,943] {gcs.py:251} INFO - Total Bytes: 19197203 | Bytes Written: 19197203
[2022-02-14 04:03:49,946] {gcs.py:264} INFO - Object raw/fhv_2019-06.parquet in bucket dtc_data_lake_sage-now-339201 rewritten to object fhv/2019/_2019-06.parquet in bucket dtc_data_lake_sage-now-339201
[2022-02-14 04:03:49,948] {gcs_to_gcs.py:431} INFO - Executing copy of gs://dtc_data_lake_sage-now-339201/raw/fhv_2019-10.parquet to gs://dtc_data_lake_sage-now-339201/fhv/2019/_2019-10.parquet
[2022-02-14 04:03:50,090] {gcs.py:251} INFO - Total Bytes: 19225185 | Bytes Written: 19225185
[2022-02-14 04:03:50,093] {gcs.py:264} INFO - Object raw/fhv_2019-10.parquet in bucket dtc_data_lake_sage-now-339201 rewritten to object fhv/2019/_2019-10.parquet in bucket dtc_data_lake_sage-now-339201
[2022-02-14 04:03:50,095] {gcs_to_gcs.py:431} INFO - Executing copy of gs://dtc_data_lake_sage-now-339201/raw/fhv_2019-07.parquet to gs://dtc_data_lake_sage-now-339201/fhv/2019/_2019-07.parquet
[2022-02-14 04:03:50,242] {gcs.py:251} INFO - Total Bytes: 18730038 | Bytes Written: 18730038
[2022-02-14 04:03:50,245] {gcs.py:264} INFO - Object raw/fhv_2019-07.parquet in bucket dtc_data_lake_sage-now-339201 rewritten to object fhv/2019/_2019-07.parquet in bucket dtc_data_lake_sage-now-339201
[2022-02-14 04:03:50,247] {gcs_to_gcs.py:431} INFO - Executing copy of gs://dtc_data_lake_sage-now-339201/raw/fhv_2019-09.parquet to gs://dtc_data_lake_sage-now-339201/fhv/2019/_2019-09.parquet
[2022-02-14 04:03:50,388] {gcs.py:251} INFO - Total Bytes: 11159146 | Bytes Written: 11159146
[2022-02-14 04:03:50,390] {gcs.py:264} INFO - Object raw/fhv_2019-09.parquet in bucket dtc_data_lake_sage-now-339201 rewritten to object fhv/2019/_2019-09.parquet in bucket dtc_data_lake_sage-now-339201
[2022-02-14 04:03:50,392] {gcs_to_gcs.py:431} INFO - Executing copy of gs://dtc_data_lake_sage-now-339201/raw/fhv_2019-04.parquet to gs://dtc_data_lake_sage-now-339201/fhv/2019/_2019-04.parquet
[2022-02-14 04:03:50,539] {gcs.py:251} INFO - Total Bytes: 18528510 | Bytes Written: 18528510
[2022-02-14 04:03:50,540] {gcs.py:264} INFO - Object raw/fhv_2019-04.parquet in bucket dtc_data_lake_sage-now-339201 rewritten to object fhv/2019/_2019-04.parquet in bucket dtc_data_lake_sage-now-339201
[2022-02-14 04:03:50,541] {gcs_to_gcs.py:431} INFO - Executing copy of gs://dtc_data_lake_sage-now-339201/raw/fhv_2019-05.parquet to gs://dtc_data_lake_sage-now-339201/fhv/2019/_2019-05.parquet
[2022-02-14 04:03:50,670] {gcs.py:251} INFO - Total Bytes: 19769506 | Bytes Written: 19769506
[2022-02-14 04:03:50,672] {gcs.py:264} INFO - Object raw/fhv_2019-05.parquet in bucket dtc_data_lake_sage-now-339201 rewritten to object fhv/2019/_2019-05.parquet in bucket dtc_data_lake_sage-now-339201
[2022-02-14 04:03:50,777] {taskinstance.py:1277} INFO - Marking task as SUCCESS. dag_id=gcs_to_gcs_dag, task_id=move_fhv_files_gcs_task, execution_date=20190101T000000, start_date=20220214T040347, end_date=20220214T040350
[2022-02-14 04:03:50,850] {local_task_job.py:154} INFO - Task exited with return code 0
[2022-02-14 04:03:51,049] {local_task_job.py:264} INFO - 0 downstream tasks scheduled from follow-on schedule check
