[2022-02-14 03:56:01,901] {taskinstance.py:1032} INFO - Dependencies all met for <TaskInstance: gcs_to_gcs_dag.move_fhv_files_gcs_task scheduled__2019-01-01T00:00:00+00:00 [queued]>
[2022-02-14 03:56:01,943] {taskinstance.py:1032} INFO - Dependencies all met for <TaskInstance: gcs_to_gcs_dag.move_fhv_files_gcs_task scheduled__2019-01-01T00:00:00+00:00 [queued]>
[2022-02-14 03:56:01,944] {taskinstance.py:1238} INFO - 
--------------------------------------------------------------------------------
[2022-02-14 03:56:01,946] {taskinstance.py:1239} INFO - Starting attempt 2 of 2
[2022-02-14 03:56:01,947] {taskinstance.py:1240} INFO - 
--------------------------------------------------------------------------------
[2022-02-14 03:56:01,990] {taskinstance.py:1259} INFO - Executing <Task(GCSToGCSOperator): move_fhv_files_gcs_task> on 2019-01-01 00:00:00+00:00
[2022-02-14 03:56:01,995] {standard_task_runner.py:52} INFO - Started process 2681 to run task
[2022-02-14 03:56:02,004] {standard_task_runner.py:76} INFO - Running: ['***', 'tasks', 'run', 'gcs_to_gcs_dag', 'move_fhv_files_gcs_task', 'scheduled__2019-01-01T00:00:00+00:00', '--job-id', '6', '--raw', '--subdir', 'DAGS_FOLDER/gcs_to_gcs_dag.py', '--cfg-path', '/tmp/tmpim9j5djs', '--error-file', '/tmp/tmp3jl4yhzc']
[2022-02-14 03:56:02,007] {standard_task_runner.py:77} INFO - Job 6: Subtask move_fhv_files_gcs_task
[2022-02-14 03:56:02,345] {logging_mixin.py:109} INFO - Running <TaskInstance: gcs_to_gcs_dag.move_fhv_files_gcs_task scheduled__2019-01-01T00:00:00+00:00 [running]> on host a1acede301ac
[2022-02-14 03:56:02,566] {logging_mixin.py:109} WARNING - /home/***/.local/lib/python3.7/site-packages/***/utils/context.py:152 AirflowContextDeprecationWarning: Accessing 'execution_date' from the template is deprecated and will be removed in a future version. Please use 'data_interval_start' or 'logical_date' instead.
[2022-02-14 03:56:02,758] {taskinstance.py:1426} INFO - Exporting the following env vars:
AIRFLOW_CTX_DAG_OWNER=***
AIRFLOW_CTX_DAG_ID=gcs_to_gcs_dag
AIRFLOW_CTX_TASK_ID=move_fhv_files_gcs_task
AIRFLOW_CTX_EXECUTION_DATE=2019-01-01T00:00:00+00:00
AIRFLOW_CTX_DAG_RUN_ID=scheduled__2019-01-01T00:00:00+00:00
[2022-02-14 03:56:02,763] {crypto.py:82} WARNING - empty cryptography key - values will not be stored encrypted.
[2022-02-14 03:56:02,765] {gcs_to_gcs.py:346} INFO - Delimiter ignored because wildcard is in prefix
[2022-02-14 03:56:03,296] {gcs_to_gcs.py:431} INFO - Executing copy of gs://dtc_data_lake_sage-now-339201/raw/fhv_2019-01.parquet to gs://dtc_data_lake_sage-now-339201/fhv/2019/_2019-01.parquet
[2022-02-14 03:56:03,490] {gcs.py:251} INFO - Total Bytes: 238946643 | Bytes Written: 238946643
[2022-02-14 03:56:03,491] {gcs.py:264} INFO - Object raw/fhv_2019-01.parquet in bucket dtc_data_lake_sage-now-339201 rewritten to object fhv/2019/_2019-01.parquet in bucket dtc_data_lake_sage-now-339201
[2022-02-14 03:56:03,594] {taskinstance.py:1277} INFO - Marking task as SUCCESS. dag_id=gcs_to_gcs_dag, task_id=move_fhv_files_gcs_task, execution_date=20190101T000000, start_date=20220214T035601, end_date=20220214T035603
[2022-02-14 03:56:03,666] {local_task_job.py:154} INFO - Task exited with return code 0
[2022-02-14 03:56:03,883] {local_task_job.py:264} INFO - 0 downstream tasks scheduled from follow-on schedule check
