[2022-01-28 02:57:27,679] {taskinstance.py:1032} INFO - Dependencies all met for <TaskInstance: data_ingestion_gcs_dag.download_dataset_task scheduled__2022-01-27T00:00:00+00:00 [queued]>
[2022-01-28 02:57:27,719] {taskinstance.py:1032} INFO - Dependencies all met for <TaskInstance: data_ingestion_gcs_dag.download_dataset_task scheduled__2022-01-27T00:00:00+00:00 [queued]>
[2022-01-28 02:57:27,721] {taskinstance.py:1238} INFO - 
--------------------------------------------------------------------------------
[2022-01-28 02:57:27,722] {taskinstance.py:1239} INFO - Starting attempt 1 of 2
[2022-01-28 02:57:27,723] {taskinstance.py:1240} INFO - 
--------------------------------------------------------------------------------
[2022-01-28 02:57:27,791] {taskinstance.py:1259} INFO - Executing <Task(BashOperator): download_dataset_task> on 2022-01-27 00:00:00+00:00
[2022-01-28 02:57:27,816] {standard_task_runner.py:52} INFO - Started process 1980 to run task
[2022-01-28 02:57:27,824] {standard_task_runner.py:76} INFO - Running: ['***', 'tasks', 'run', 'data_ingestion_gcs_dag', 'download_dataset_task', 'scheduled__2022-01-27T00:00:00+00:00', '--job-id', '5', '--raw', '--subdir', 'DAGS_FOLDER/data_ingestion_gcs_dag.py', '--cfg-path', '/tmp/tmptp4bbzpp', '--error-file', '/tmp/tmpogcexq08']
[2022-01-28 02:57:27,827] {standard_task_runner.py:77} INFO - Job 5: Subtask download_dataset_task
[2022-01-28 02:57:27,954] {logging_mixin.py:109} INFO - Running <TaskInstance: data_ingestion_gcs_dag.download_dataset_task scheduled__2022-01-27T00:00:00+00:00 [running]> on host 3b753a810b2a
[2022-01-28 02:57:28,147] {taskinstance.py:1426} INFO - Exporting the following env vars:
AIRFLOW_CTX_DAG_OWNER=***
AIRFLOW_CTX_DAG_ID=data_ingestion_gcs_dag
AIRFLOW_CTX_TASK_ID=download_dataset_task
AIRFLOW_CTX_EXECUTION_DATE=2022-01-27T00:00:00+00:00
AIRFLOW_CTX_DAG_RUN_ID=scheduled__2022-01-27T00:00:00+00:00
[2022-01-28 02:57:28,159] {subprocess.py:62} INFO - Tmp dir root location: 
 /tmp
[2022-01-28 02:57:28,164] {subprocess.py:74} INFO - Running command: ['bash', '-c', 'curl -sS https://s3.amazonaws.com/nyc-tlc/trip+data/yellow_tripdata_2021-01.csv > /opt/***/yellow_tripdata_2021-01.csv']
[2022-01-28 02:57:28,205] {subprocess.py:85} INFO - Output:
[2022-01-28 02:57:32,471] {subprocess.py:93} INFO - Command exited with return code 0
[2022-01-28 02:57:32,533] {taskinstance.py:1277} INFO - Marking task as SUCCESS. dag_id=data_ingestion_gcs_dag, task_id=download_dataset_task, execution_date=20220127T000000, start_date=20220128T025727, end_date=20220128T025732
[2022-01-28 02:57:32,610] {local_task_job.py:154} INFO - Task exited with return code 0
[2022-01-28 02:57:32,741] {local_task_job.py:264} INFO - 1 downstream tasks scheduled from follow-on schedule check
